<?xml version="1.0" encoding="UTF-8" standalone="no"?>
<!DOCTYPE log SYSTEM "logger.dtd">
<log>
<record>
  <date>2019-09-11T10:28:17</date>
  <millis>1568215697563</millis>
  <sequence>0</sequence>
  <level>START</level>
  <class>com.kms.katalon.core.logging.XmlKeywordLogger</class>
  <method>startSuite</method>
  <thread>1</thread>
  <message>Start Test Suite : Test Suites/CaminoFeliz/FlujoCompleto</message>
  <nestedLevel>0</nestedLevel>
  <property name="name">FlujoCompleto</property>
  <property name="description">1.Inicia Sesion\r\n2. Consulta por Numero de Incidente\r\n3. Crea un Requerimiento\r\n4. Cancela el requerimiento Creado</property>
  <property name="id">Test Suites/CaminoFeliz/FlujoCompleto</property>
</record>
<record>
  <date>2019-09-11T10:28:17</date>
  <millis>1568215697578</millis>
  <sequence>1</sequence>
  <level>RUN_DATA</level>
  <class>com.kms.katalon.core.logging.XmlKeywordLogger</class>
  <method>logMessage</method>
  <thread>1</thread>
  <message>hostName = Ltoroc - P-Ltoroc.intergrupo.com</message>
  <nestedLevel>0</nestedLevel>
  <property name="hostName">Ltoroc - P-Ltoroc.intergrupo.com</property>
</record>
<record>
  <date>2019-09-11T10:28:17</date>
  <millis>1568215697578</millis>
  <sequence>2</sequence>
  <level>RUN_DATA</level>
  <class>com.kms.katalon.core.logging.XmlKeywordLogger</class>
  <method>logMessage</method>
  <thread>1</thread>
  <message>os = Windows 10 32bit</message>
  <nestedLevel>0</nestedLevel>
  <property name="os">Windows 10 32bit</property>
</record>
<record>
  <date>2019-09-11T10:28:17</date>
  <millis>1568215697580</millis>
  <sequence>3</sequence>
  <level>RUN_DATA</level>
  <class>com.kms.katalon.core.logging.XmlKeywordLogger</class>
  <method>logMessage</method>
  <thread>1</thread>
  <message>hostAddress = 192.168.0.14</message>
  <nestedLevel>0</nestedLevel>
  <property name="hostAddress">192.168.0.14</property>
</record>
<record>
  <date>2019-09-11T10:28:17</date>
  <millis>1568215697581</millis>
  <sequence>4</sequence>
  <level>RUN_DATA</level>
  <class>com.kms.katalon.core.logging.XmlKeywordLogger</class>
  <method>logMessage</method>
  <thread>1</thread>
  <message>katalonVersion = 6.3.0.1</message>
  <nestedLevel>0</nestedLevel>
  <property name="katalonVersion">6.3.0.1</property>
</record>
<record>
  <date>2019-09-11T10:28:17</date>
  <millis>1568215697795</millis>
  <sequence>5</sequence>
  <level>START</level>
  <class>com.kms.katalon.core.logging.XmlKeywordLogger</class>
  <method>startTest</method>
  <thread>1</thread>
  <message>Start Test Case : Test Cases/IniciarSesion/IniciarSesion</message>
  <nestedLevel>1</nestedLevel>
  <property name="name">Test Cases/IniciarSesion/IniciarSesion</property>
  <property name="description"></property>
  <property name="id">Test Cases/IniciarSesion/IniciarSesion</property>
  <property name="source">E:\\TORO\\INTERGRUPO\\AUTOMATIZACION_PROYECTOS\\PROYECTOS\\EPM - Gaspar\\Gaspar_Epm_Katalon\\Test Cases\\IniciarSesion\\IniciarSesion.tc</property>
  <property name="tag"></property>
  <property name="isOptional">false</property>
</record>
<record>
  <date>2019-09-11T10:28:18</date>
  <millis>1568215698616</millis>
  <sequence>7</sequence>
  <level>START</level>
  <class>com.kms.katalon.core.logging.XmlKeywordLogger</class>
  <method>startKeyword</method>
  <thread>1</thread>
  <message>Start action : openBrowser(\&amp;quot;\&amp;quot;)</message>
  <nestedLevel>1</nestedLevel>
  <property name="startLine">17</property>
  <property name="stepIndex">1</property>
</record>
<record>
  <date>2019-09-11T10:28:18</date>
  <millis>1568215698953</millis>
  <sequence>9</sequence>
  <level>INFO</level>
  <class>com.kms.katalon.core.logging.XmlKeywordLogger</class>
  <method>logMessage</method>
  <thread>1</thread>
  <message>Starting &amp;apos;Chrome&amp;apos; driver</message>
  <nestedLevel>1</nestedLevel>
</record>
<record>
  <date>2019-09-11T10:28:19</date>
  <millis>1568215699028</millis>
  <sequence>11</sequence>
  <level>INFO</level>
  <class>com.kms.katalon.core.logging.XmlKeywordLogger</class>
  <method>logMessage</method>
  <thread>1</thread>
  <message>Action delay is set to 0 seconds</message>
  <nestedLevel>1</nestedLevel>
</record>
<record>
  <date>2019-09-11T10:28:24</date>
  <millis>1568215704257</millis>
  <sequence>13</sequence>
  <level>RUN_DATA</level>
  <class>com.kms.katalon.core.logging.XmlKeywordLogger</class>
  <method>logMessage</method>
  <thread>1</thread>
  <message>sessionId = a02c3e3339571214e64a0292ce04e2f2</message>
  <nestedLevel>1</nestedLevel>
  <property name="sessionId">a02c3e3339571214e64a0292ce04e2f2</property>
</record>
<record>
  <date>2019-09-11T10:28:24</date>
  <millis>1568215704310</millis>
  <sequence>14</sequence>
  <level>RUN_DATA</level>
  <class>com.kms.katalon.core.logging.XmlKeywordLogger</class>
  <method>logMessage</method>
  <thread>1</thread>
  <message>browser = Chrome 76.0.3809.132</message>
  <nestedLevel>1</nestedLevel>
  <property name="browser">Chrome 76.0.3809.132</property>
</record>
<record>
  <date>2019-09-11T10:28:24</date>
  <millis>1568215704312</millis>
  <sequence>15</sequence>
  <level>RUN_DATA</level>
  <class>com.kms.katalon.core.logging.XmlKeywordLogger</class>
  <method>logMessage</method>
  <thread>1</thread>
  <message>platform = Windows 10</message>
  <nestedLevel>1</nestedLevel>
  <property name="platform">Windows 10</property>
</record>
<record>
  <date>2019-09-11T10:28:24</date>
  <millis>1568215704313</millis>
  <sequence>16</sequence>
  <level>RUN_DATA</level>
  <class>com.kms.katalon.core.logging.XmlKeywordLogger</class>
  <method>logMessage</method>
  <thread>1</thread>
  <message>seleniumVersion = 3.141.59</message>
  <nestedLevel>1</nestedLevel>
  <property name="seleniumVersion">3.141.59</property>
</record>
<record>
  <date>2019-09-11T10:28:24</date>
  <millis>1568215704315</millis>
  <sequence>17</sequence>
  <level>RUN_DATA</level>
  <class>com.kms.katalon.core.logging.XmlKeywordLogger</class>
  <method>logMessage</method>
  <thread>1</thread>
  <message>proxyInformation = ProxyInformation{proxyOption=NO_PROXY, proxyServerType=HTTP, password=, proxyServerAddress=, proxyServerPort=0}</message>
  <nestedLevel>1</nestedLevel>
  <property name="proxyInformation">ProxyInformation{proxyOption=NO_PROXY, proxyServerType=HTTP, password=, proxyServerAddress=, proxyServerPort=0}</property>
</record>
<record>
  <date>2019-09-11T10:28:24</date>
  <millis>1568215704315</millis>
  <sequence>18</sequence>
  <level>PASSED</level>
  <class>com.kms.katalon.core.logging.XmlKeywordLogger</class>
  <method>logMessage</method>
  <thread>1</thread>
  <message>Browser is opened with url: &amp;apos;&amp;apos;</message>
  <nestedLevel>1</nestedLevel>
</record>
<record>
  <date>2019-09-11T10:28:24</date>
  <millis>1568215704317</millis>
  <sequence>19</sequence>
  <level>END</level>
  <class>com.kms.katalon.core.logging.XmlKeywordLogger</class>
  <method>endKeyword</method>
  <thread>1</thread>
  <message>End action : openBrowser(\&amp;quot;\&amp;quot;)</message>
  <nestedLevel>1</nestedLevel>
</record>
<record>
  <date>2019-09-11T10:28:24</date>
  <millis>1568215704317</millis>
  <sequence>20</sequence>
  <level>START</level>
  <class>com.kms.katalon.core.logging.XmlKeywordLogger</class>
  <method>startKeyword</method>
  <thread>1</thread>
  <message>Start action : navigateToUrl(\&amp;quot;https://smdepbwws01v.intergrupo.com/EpmGaspar/Seguridad/Login.aspx\&amp;quot;)</message>
  <nestedLevel>1</nestedLevel>
  <property name="startLine">19</property>
  <property name="stepIndex">2</property>
</record>
<record>
  <date>2019-09-11T10:28:25</date>
  <millis>1568215705336</millis>
  <sequence>23</sequence>
  <level>PASSED</level>
  <class>com.kms.katalon.core.logging.XmlKeywordLogger</class>
  <method>logMessage</method>
  <thread>1</thread>
  <message>Navigate to &amp;apos;https://smdepbwws01v.intergrupo.com/EpmGaspar/Seguridad/Login.aspx&amp;apos; successfully</message>
  <nestedLevel>1</nestedLevel>
</record>
<record>
  <date>2019-09-11T10:28:25</date>
  <millis>1568215705337</millis>
  <sequence>24</sequence>
  <level>END</level>
  <class>com.kms.katalon.core.logging.XmlKeywordLogger</class>
  <method>endKeyword</method>
  <thread>1</thread>
  <message>End action : navigateToUrl(\&amp;quot;https://smdepbwws01v.intergrupo.com/EpmGaspar/Seguridad/Login.aspx\&amp;quot;)</message>
  <nestedLevel>1</nestedLevel>
</record>
<record>
  <date>2019-09-11T10:28:25</date>
  <millis>1568215705337</millis>
  <sequence>25</sequence>
  <level>START</level>
  <class>com.kms.katalon.core.logging.XmlKeywordLogger</class>
  <method>startKeyword</method>
  <thread>1</thread>
  <message>Start action : setText(findTestObject(\&amp;quot;Object Repository/input_Usuario_txtUsuario\&amp;quot;), \&amp;quot;Ltoroc\&amp;quot;)</message>
  <nestedLevel>1</nestedLevel>
  <property name="startLine">21</property>
  <property name="stepIndex">3</property>
</record>
<record>
  <date>2019-09-11T10:28:25</date>
  <millis>1568215705731</millis>
  <sequence>34</sequence>
  <level>PASSED</level>
  <class>com.kms.katalon.core.logging.XmlKeywordLogger</class>
  <method>logMessage</method>
  <thread>1</thread>
  <message>Text &amp;apos;Ltoroc&amp;apos; is set on object &amp;apos;Object Repository/input_Usuario_txtUsuario&amp;apos;</message>
  <nestedLevel>1</nestedLevel>
</record>
<record>
  <date>2019-09-11T10:28:25</date>
  <millis>1568215705732</millis>
  <sequence>35</sequence>
  <level>END</level>
  <class>com.kms.katalon.core.logging.XmlKeywordLogger</class>
  <method>endKeyword</method>
  <thread>1</thread>
  <message>End action : setText(findTestObject(\&amp;quot;Object Repository/input_Usuario_txtUsuario\&amp;quot;), \&amp;quot;Ltoroc\&amp;quot;)</message>
  <nestedLevel>1</nestedLevel>
</record>
<record>
  <date>2019-09-11T10:28:25</date>
  <millis>1568215705732</millis>
  <sequence>36</sequence>
  <level>START</level>
  <class>com.kms.katalon.core.logging.XmlKeywordLogger</class>
  <method>startKeyword</method>
  <thread>1</thread>
  <message>Start action : setEncryptedText(findTestObject(\&amp;quot;Object Repository/input_Contrasea_txtPassword\&amp;quot;), \&amp;quot;aeHFOx8jV/A=\&amp;quot;)</message>
  <nestedLevel>1</nestedLevel>
  <property name="startLine">23</property>
  <property name="stepIndex">4</property>
</record>
<record>
  <date>2019-09-11T10:28:26</date>
  <millis>1568215706012</millis>
  <sequence>45</sequence>
  <level>PASSED</level>
  <class>com.kms.katalon.core.logging.XmlKeywordLogger</class>
  <method>logMessage</method>
  <thread>1</thread>
  <message>Text ****** has been set on object &amp;apos;Object Repository/input_Contrasea_txtPassword&amp;apos;</message>
  <nestedLevel>1</nestedLevel>
</record>
<record>
  <date>2019-09-11T10:28:26</date>
  <millis>1568215706012</millis>
  <sequence>46</sequence>
  <level>END</level>
  <class>com.kms.katalon.core.logging.XmlKeywordLogger</class>
  <method>endKeyword</method>
  <thread>1</thread>
  <message>End action : setEncryptedText(findTestObject(\&amp;quot;Object Repository/input_Contrasea_txtPassword\&amp;quot;), \&amp;quot;aeHFOx8jV/A=\&amp;quot;)</message>
  <nestedLevel>1</nestedLevel>
</record>
<record>
  <date>2019-09-11T10:28:26</date>
  <millis>1568215706013</millis>
  <sequence>47</sequence>
  <level>START</level>
  <class>com.kms.katalon.core.logging.XmlKeywordLogger</class>
  <method>startKeyword</method>
  <thread>1</thread>
  <message>Start action : click(findTestObject(\&amp;quot;Object Repository/input_Dominio_btnIngresar\&amp;quot;))</message>
  <nestedLevel>1</nestedLevel>
  <property name="startLine">25</property>
  <property name="stepIndex">5</property>
</record>
<record>
  <date>2019-09-11T10:28:26</date>
  <millis>1568215706617</millis>
  <sequence>54</sequence>
  <level>PASSED</level>
  <class>com.kms.katalon.core.logging.XmlKeywordLogger</class>
  <method>logMessage</method>
  <thread>1</thread>
  <message>Object: &amp;apos;Object Repository/input_Dominio_btnIngresar&amp;apos; is clicked on</message>
  <nestedLevel>1</nestedLevel>
</record>
<record>
  <date>2019-09-11T10:28:26</date>
  <millis>1568215706617</millis>
  <sequence>55</sequence>
  <level>END</level>
  <class>com.kms.katalon.core.logging.XmlKeywordLogger</class>
  <method>endKeyword</method>
  <thread>1</thread>
  <message>End action : click(findTestObject(\&amp;quot;Object Repository/input_Dominio_btnIngresar\&amp;quot;))</message>
  <nestedLevel>1</nestedLevel>
</record>
<record>
  <date>2019-09-11T10:28:26</date>
  <millis>1568215706617</millis>
  <sequence>56</sequence>
  <level>PASSED</level>
  <class>com.kms.katalon.core.logging.XmlKeywordLogger</class>
  <method>logMessage</method>
  <thread>1</thread>
  <message>Test Cases/IniciarSesion/IniciarSesion</message>
  <nestedLevel>1</nestedLevel>
</record>
<record>
  <date>2019-09-11T10:28:28</date>
  <millis>1568215708689</millis>
  <sequence>57</sequence>
  <level>END</level>
  <class>com.kms.katalon.core.logging.XmlKeywordLogger</class>
  <method>endTest</method>
  <thread>1</thread>
  <message>End Test Case : Test Cases/IniciarSesion/IniciarSesion</message>
  <nestedLevel>0</nestedLevel>
</record>
<record>
  <date>2019-09-11T10:28:28</date>
  <millis>1568215708708</millis>
  <sequence>58</sequence>
  <level>START</level>
  <class>com.kms.katalon.core.logging.XmlKeywordLogger</class>
  <method>startTest</method>
  <thread>1</thread>
  <message>Start Test Case : Test Cases/IniciarSesion/SeleccionarEmpresaServicio</message>
  <nestedLevel>1</nestedLevel>
  <property name="name">Test Cases/IniciarSesion/SeleccionarEmpresaServicio</property>
  <property name="description"></property>
  <property name="id">Test Cases/IniciarSesion/SeleccionarEmpresaServicio</property>
  <property name="source">E:\\TORO\\INTERGRUPO\\AUTOMATIZACION_PROYECTOS\\PROYECTOS\\EPM - Gaspar\\Gaspar_Epm_Katalon\\Test Cases\\IniciarSesion\\SeleccionarEmpresaServicio.tc</property>
  <property name="tag"></property>
  <property name="isOptional">false</property>
</record>
<record>
  <date>2019-09-11T10:28:29</date>
  <millis>1568215709148</millis>
  <sequence>60</sequence>
  <level>START</level>
  <class>com.kms.katalon.core.logging.XmlKeywordLogger</class>
  <method>startKeyword</method>
  <thread>1</thread>
  <message>Start action : selectOptionByValue(findTestObject(\&amp;quot;Object Repository/select_EPM\&amp;quot;), \&amp;quot;EPM\&amp;quot;, true)</message>
  <nestedLevel>1</nestedLevel>
  <property name="startLine">16</property>
  <property name="stepIndex">1</property>
</record>
<record>
  <date>2019-09-11T10:28:29</date>
  <millis>1568215709558</millis>
  <sequence>69</sequence>
  <level>PASSED</level>
  <class>com.kms.katalon.core.logging.XmlKeywordLogger</class>
  <method>logMessage</method>
  <thread>1</thread>
  <message>All options with value &amp;apos;EPM&amp;apos; are selected in object &amp;apos;Object Repository/select_EPM&amp;apos;  using regular expression</message>
  <nestedLevel>1</nestedLevel>
</record>
<record>
  <date>2019-09-11T10:28:29</date>
  <millis>1568215709559</millis>
  <sequence>70</sequence>
  <level>END</level>
  <class>com.kms.katalon.core.logging.XmlKeywordLogger</class>
  <method>endKeyword</method>
  <thread>1</thread>
  <message>End action : selectOptionByValue(findTestObject(\&amp;quot;Object Repository/select_EPM\&amp;quot;), \&amp;quot;EPM\&amp;quot;, true)</message>
  <nestedLevel>1</nestedLevel>
</record>
<record>
  <date>2019-09-11T10:28:29</date>
  <millis>1568215709559</millis>
  <sequence>71</sequence>
  <level>START</level>
  <class>com.kms.katalon.core.logging.XmlKeywordLogger</class>
  <method>startKeyword</method>
  <thread>1</thread>
  <message>Start action : selectOptionByValue(findTestObject(\&amp;quot;Object Repository/select_GasRevisiones\&amp;quot;), \&amp;quot;Gas\&amp;quot;, true)</message>
  <nestedLevel>1</nestedLevel>
  <property name="startLine">18</property>
  <property name="stepIndex">2</property>
</record>
<record>
  <date>2019-09-11T10:28:29</date>
  <millis>1568215709898</millis>
  <sequence>80</sequence>
  <level>PASSED</level>
  <class>com.kms.katalon.core.logging.XmlKeywordLogger</class>
  <method>logMessage</method>
  <thread>1</thread>
  <message>All options with value &amp;apos;Gas&amp;apos; are selected in object &amp;apos;Object Repository/select_GasRevisiones&amp;apos;  using regular expression</message>
  <nestedLevel>1</nestedLevel>
</record>
<record>
  <date>2019-09-11T10:28:29</date>
  <millis>1568215709899</millis>
  <sequence>81</sequence>
  <level>END</level>
  <class>com.kms.katalon.core.logging.XmlKeywordLogger</class>
  <method>endKeyword</method>
  <thread>1</thread>
  <message>End action : selectOptionByValue(findTestObject(\&amp;quot;Object Repository/select_GasRevisiones\&amp;quot;), \&amp;quot;Gas\&amp;quot;, true)</message>
  <nestedLevel>1</nestedLevel>
</record>
<record>
  <date>2019-09-11T10:28:29</date>
  <millis>1568215709899</millis>
  <sequence>82</sequence>
  <level>START</level>
  <class>com.kms.katalon.core.logging.XmlKeywordLogger</class>
  <method>startKeyword</method>
  <thread>1</thread>
  <message>Start action : click(findTestObject(\&amp;quot;Object Repository/input_Servicio_btnAceptar\&amp;quot;))</message>
  <nestedLevel>1</nestedLevel>
  <property name="startLine">20</property>
  <property name="stepIndex">3</property>
</record>
<record>
  <date>2019-09-11T10:28:30</date>
  <millis>1568215710129</millis>
  <sequence>89</sequence>
  <level>PASSED</level>
  <class>com.kms.katalon.core.logging.XmlKeywordLogger</class>
  <method>logMessage</method>
  <thread>1</thread>
  <message>Object: &amp;apos;Object Repository/input_Servicio_btnAceptar&amp;apos; is clicked on</message>
  <nestedLevel>1</nestedLevel>
</record>
<record>
  <date>2019-09-11T10:28:30</date>
  <millis>1568215710130</millis>
  <sequence>90</sequence>
  <level>END</level>
  <class>com.kms.katalon.core.logging.XmlKeywordLogger</class>
  <method>endKeyword</method>
  <thread>1</thread>
  <message>End action : click(findTestObject(\&amp;quot;Object Repository/input_Servicio_btnAceptar\&amp;quot;))</message>
  <nestedLevel>1</nestedLevel>
</record>
<record>
  <date>2019-09-11T10:28:30</date>
  <millis>1568215710131</millis>
  <sequence>91</sequence>
  <level>PASSED</level>
  <class>com.kms.katalon.core.logging.XmlKeywordLogger</class>
  <method>logMessage</method>
  <thread>1</thread>
  <message>Test Cases/IniciarSesion/SeleccionarEmpresaServicio</message>
  <nestedLevel>1</nestedLevel>
</record>
<record>
  <date>2019-09-11T10:28:32</date>
  <millis>1568215712172</millis>
  <sequence>92</sequence>
  <level>END</level>
  <class>com.kms.katalon.core.logging.XmlKeywordLogger</class>
  <method>endTest</method>
  <thread>1</thread>
  <message>End Test Case : Test Cases/IniciarSesion/SeleccionarEmpresaServicio</message>
  <nestedLevel>0</nestedLevel>
</record>
<record>
  <date>2019-09-11T10:28:32</date>
  <millis>1568215712183</millis>
  <sequence>93</sequence>
  <level>START</level>
  <class>com.kms.katalon.core.logging.XmlKeywordLogger</class>
  <method>startTest</method>
  <thread>1</thread>
  <message>Start Test Case : Test Cases/Requerimientos/AccederMenuCreacion_Consulta Requerimientos</message>
  <nestedLevel>1</nestedLevel>
  <property name="name">Test Cases/Requerimientos/AccederMenuCreacion_Consulta Requerimientos</property>
  <property name="description"></property>
  <property name="id">Test Cases/Requerimientos/AccederMenuCreacion_Consulta Requerimientos</property>
  <property name="source">E:\\TORO\\INTERGRUPO\\AUTOMATIZACION_PROYECTOS\\PROYECTOS\\EPM - Gaspar\\Gaspar_Epm_Katalon\\Test Cases\\Requerimientos\\AccederMenuCreacion_Consulta Requerimientos.tc</property>
  <property name="tag"></property>
  <property name="isOptional">false</property>
</record>
<record>
  <date>2019-09-11T10:28:32</date>
  <millis>1568215712709</millis>
  <sequence>95</sequence>
  <level>START</level>
  <class>com.kms.katalon.core.logging.XmlKeywordLogger</class>
  <method>startKeyword</method>
  <thread>1</thread>
  <message>Start action : navigateToUrl(\&amp;quot;https://smdepbwws01v.intergrupo.com/EpmGaspar/Seguridad/Login.aspx?ReturnUrl=%2fEpmGaspar%2fBienvenida%2fBienvenida.aspx\&amp;quot;)</message>
  <nestedLevel>1</nestedLevel>
  <property name="startLine">17</property>
  <property name="stepIndex">1</property>
</record>
<record>
  <date>2019-09-11T10:28:32</date>
  <millis>1568215712845</millis>
  <sequence>98</sequence>
  <level>PASSED</level>
  <class>com.kms.katalon.core.logging.XmlKeywordLogger</class>
  <method>logMessage</method>
  <thread>1</thread>
  <message>Navigate to &amp;apos;https://smdepbwws01v.intergrupo.com/EpmGaspar/Seguridad/Login.aspx?ReturnUrl=%2fEpmGaspar%2fBienvenida%2fBienvenida.aspx&amp;apos; successfully</message>
  <nestedLevel>1</nestedLevel>
</record>
<record>
  <date>2019-09-11T10:28:32</date>
  <millis>1568215712845</millis>
  <sequence>99</sequence>
  <level>END</level>
  <class>com.kms.katalon.core.logging.XmlKeywordLogger</class>
  <method>endKeyword</method>
  <thread>1</thread>
  <message>End action : navigateToUrl(\&amp;quot;https://smdepbwws01v.intergrupo.com/EpmGaspar/Seguridad/Login.aspx?ReturnUrl=%2fEpmGaspar%2fBienvenida%2fBienvenida.aspx\&amp;quot;)</message>
  <nestedLevel>1</nestedLevel>
</record>
<record>
  <date>2019-09-11T10:28:32</date>
  <millis>1568215712845</millis>
  <sequence>100</sequence>
  <level>START</level>
  <class>com.kms.katalon.core.logging.XmlKeywordLogger</class>
  <method>startKeyword</method>
  <thread>1</thread>
  <message>Start action : click(findTestObject(\&amp;quot;Object Repository/td_Llamadas\&amp;quot;))</message>
  <nestedLevel>1</nestedLevel>
  <property name="startLine">19</property>
  <property name="stepIndex">2</property>
</record>
