<?xml version="1.0" encoding="UTF-8" standalone="no"?>
<!DOCTYPE log SYSTEM "logger.dtd">
<log>
<record>
  <date>2019-09-13T15:29:24</date>
  <millis>1568406564989</millis>
  <sequence>0</sequence>
  <level>START</level>
  <class>com.kms.katalon.core.logging.XmlKeywordLogger</class>
  <method>startSuite</method>
  <thread>1</thread>
  <message>Start Test Suite : Test Suites/Ordenes de Trabajo_FlujoCompleto/EjecucionCompleto_ConsultaAdministracion</message>
  <nestedLevel>0</nestedLevel>
  <property name="name">EjecucionCompleto_ConsultaAdministracion</property>
  <property name="description"></property>
  <property name="id">Test Suites/Ordenes de Trabajo_FlujoCompleto/EjecucionCompleto_ConsultaAdministracion</property>
</record>
<record>
  <date>2019-09-13T15:29:25</date>
  <millis>1568406565009</millis>
  <sequence>1</sequence>
  <level>RUN_DATA</level>
  <class>com.kms.katalon.core.logging.XmlKeywordLogger</class>
  <method>logMessage</method>
  <thread>1</thread>
  <message>hostName = Ltoroc - P-Ltoroc.intergrupo.com</message>
  <nestedLevel>0</nestedLevel>
  <property name="hostName">Ltoroc - P-Ltoroc.intergrupo.com</property>
</record>
<record>
  <date>2019-09-13T15:29:25</date>
  <millis>1568406565010</millis>
  <sequence>2</sequence>
  <level>RUN_DATA</level>
  <class>com.kms.katalon.core.logging.XmlKeywordLogger</class>
  <method>logMessage</method>
  <thread>1</thread>
  <message>os = Windows 10 32bit</message>
  <nestedLevel>0</nestedLevel>
  <property name="os">Windows 10 32bit</property>
</record>
<record>
  <date>2019-09-13T15:29:25</date>
  <millis>1568406565011</millis>
  <sequence>3</sequence>
  <level>RUN_DATA</level>
  <class>com.kms.katalon.core.logging.XmlKeywordLogger</class>
  <method>logMessage</method>
  <thread>1</thread>
  <message>hostAddress = 192.168.0.14</message>
  <nestedLevel>0</nestedLevel>
  <property name="hostAddress">192.168.0.14</property>
</record>
<record>
  <date>2019-09-13T15:29:25</date>
  <millis>1568406565014</millis>
  <sequence>4</sequence>
  <level>RUN_DATA</level>
  <class>com.kms.katalon.core.logging.XmlKeywordLogger</class>
  <method>logMessage</method>
  <thread>1</thread>
  <message>katalonVersion = 6.3.0.1</message>
  <nestedLevel>0</nestedLevel>
  <property name="katalonVersion">6.3.0.1</property>
</record>
<record>
  <date>2019-09-13T15:29:25</date>
  <millis>1568406565317</millis>
  <sequence>5</sequence>
  <level>START</level>
  <class>com.kms.katalon.core.logging.XmlKeywordLogger</class>
  <method>startTest</method>
  <thread>1</thread>
  <message>Start Test Case : Test Cases/IniciarSesion/IniciarSesion</message>
  <nestedLevel>1</nestedLevel>
  <property name="name">Test Cases/IniciarSesion/IniciarSesion</property>
  <property name="description"></property>
  <property name="id">Test Cases/IniciarSesion/IniciarSesion</property>
  <property name="source">E:\\TORO\\INTERGRUPO\\AUTOMATIZACION_PROYECTOS\\PROYECTOS\\EPM - Gaspar\\Gaspar_Epm_Katalon\\Test Cases\\IniciarSesion\\IniciarSesion.tc</property>
  <property name="tag"></property>
  <property name="isOptional">false</property>
</record>
<record>
  <date>2019-09-13T15:29:25</date>
  <millis>1568406565729</millis>
  <sequence>7</sequence>
  <level>START</level>
  <class>com.kms.katalon.core.logging.XmlKeywordLogger</class>
  <method>startKeyword</method>
  <thread>1</thread>
  <message>Start action : openBrowser(\&amp;quot;\&amp;quot;)</message>
  <nestedLevel>1</nestedLevel>
  <property name="startLine">17</property>
  <property name="stepIndex">1</property>
</record>
<record>
  <date>2019-09-13T15:29:26</date>
  <millis>1568406566059</millis>
  <sequence>9</sequence>
  <level>INFO</level>
  <class>com.kms.katalon.core.logging.XmlKeywordLogger</class>
  <method>logMessage</method>
  <thread>1</thread>
  <message>Starting &amp;apos;Chrome&amp;apos; driver</message>
  <nestedLevel>1</nestedLevel>
</record>
<record>
  <date>2019-09-13T15:29:26</date>
  <millis>1568406566097</millis>
  <sequence>11</sequence>
  <level>INFO</level>
  <class>com.kms.katalon.core.logging.XmlKeywordLogger</class>
  <method>logMessage</method>
  <thread>1</thread>
  <message>Action delay is set to 0 seconds</message>
  <nestedLevel>1</nestedLevel>
</record>
<record>
  <date>2019-09-13T15:29:30</date>
  <millis>1568406570496</millis>
  <sequence>13</sequence>
  <level>RUN_DATA</level>
  <class>com.kms.katalon.core.logging.XmlKeywordLogger</class>
  <method>logMessage</method>
  <thread>1</thread>
  <message>sessionId = 1fb1155d07a301e8fb5ca5865cefee05</message>
  <nestedLevel>1</nestedLevel>
  <property name="sessionId">1fb1155d07a301e8fb5ca5865cefee05</property>
</record>
<record>
  <date>2019-09-13T15:29:30</date>
  <millis>1568406570544</millis>
  <sequence>14</sequence>
  <level>RUN_DATA</level>
  <class>com.kms.katalon.core.logging.XmlKeywordLogger</class>
  <method>logMessage</method>
  <thread>1</thread>
  <message>browser = Chrome 76.0.3809.132</message>
  <nestedLevel>1</nestedLevel>
  <property name="browser">Chrome 76.0.3809.132</property>
</record>
<record>
  <date>2019-09-13T15:29:30</date>
  <millis>1568406570545</millis>
  <sequence>15</sequence>
  <level>RUN_DATA</level>
  <class>com.kms.katalon.core.logging.XmlKeywordLogger</class>
  <method>logMessage</method>
  <thread>1</thread>
  <message>platform = Windows 10</message>
  <nestedLevel>1</nestedLevel>
  <property name="platform">Windows 10</property>
</record>
<record>
  <date>2019-09-13T15:29:30</date>
  <millis>1568406570545</millis>
  <sequence>16</sequence>
  <level>RUN_DATA</level>
  <class>com.kms.katalon.core.logging.XmlKeywordLogger</class>
  <method>logMessage</method>
  <thread>1</thread>
  <message>seleniumVersion = 3.141.59</message>
  <nestedLevel>1</nestedLevel>
  <property name="seleniumVersion">3.141.59</property>
</record>
<record>
  <date>2019-09-13T15:29:30</date>
  <millis>1568406570546</millis>
  <sequence>17</sequence>
  <level>RUN_DATA</level>
  <class>com.kms.katalon.core.logging.XmlKeywordLogger</class>
  <method>logMessage</method>
  <thread>1</thread>
  <message>proxyInformation = ProxyInformation{proxyOption=NO_PROXY, proxyServerType=HTTP, password=, proxyServerAddress=, proxyServerPort=0}</message>
  <nestedLevel>1</nestedLevel>
  <property name="proxyInformation">ProxyInformation{proxyOption=NO_PROXY, proxyServerType=HTTP, password=, proxyServerAddress=, proxyServerPort=0}</property>
</record>
<record>
  <date>2019-09-13T15:29:30</date>
  <millis>1568406570547</millis>
  <sequence>18</sequence>
  <level>PASSED</level>
  <class>com.kms.katalon.core.logging.XmlKeywordLogger</class>
  <method>logMessage</method>
  <thread>1</thread>
  <message>Browser is opened with url: &amp;apos;&amp;apos;</message>
  <nestedLevel>1</nestedLevel>
</record>
<record>
  <date>2019-09-13T15:29:30</date>
  <millis>1568406570547</millis>
  <sequence>19</sequence>
  <level>END</level>
  <class>com.kms.katalon.core.logging.XmlKeywordLogger</class>
  <method>endKeyword</method>
  <thread>1</thread>
  <message>End action : openBrowser(\&amp;quot;\&amp;quot;)</message>
  <nestedLevel>1</nestedLevel>
</record>
<record>
  <date>2019-09-13T15:29:30</date>
  <millis>1568406570548</millis>
  <sequence>20</sequence>
  <level>START</level>
  <class>com.kms.katalon.core.logging.XmlKeywordLogger</class>
  <method>startKeyword</method>
  <thread>1</thread>
  <message>Start action : navigateToUrl(\&amp;quot;https://smdepbwws01v.intergrupo.com/EpmGaspar/Seguridad/Login.aspx\&amp;quot;)</message>
  <nestedLevel>1</nestedLevel>
  <property name="startLine">19</property>
  <property name="stepIndex">2</property>
</record>
<record>
  <date>2019-09-13T15:29:31</date>
  <millis>1568406571753</millis>
  <sequence>23</sequence>
  <level>PASSED</level>
  <class>com.kms.katalon.core.logging.XmlKeywordLogger</class>
  <method>logMessage</method>
  <thread>1</thread>
  <message>Navigate to &amp;apos;https://smdepbwws01v.intergrupo.com/EpmGaspar/Seguridad/Login.aspx&amp;apos; successfully</message>
  <nestedLevel>1</nestedLevel>
</record>
<record>
  <date>2019-09-13T15:29:31</date>
  <millis>1568406571754</millis>
  <sequence>24</sequence>
  <level>END</level>
  <class>com.kms.katalon.core.logging.XmlKeywordLogger</class>
  <method>endKeyword</method>
  <thread>1</thread>
  <message>End action : navigateToUrl(\&amp;quot;https://smdepbwws01v.intergrupo.com/EpmGaspar/Seguridad/Login.aspx\&amp;quot;)</message>
  <nestedLevel>1</nestedLevel>
</record>
<record>
  <date>2019-09-13T15:29:31</date>
  <millis>1568406571754</millis>
  <sequence>25</sequence>
  <level>START</level>
  <class>com.kms.katalon.core.logging.XmlKeywordLogger</class>
  <method>startKeyword</method>
  <thread>1</thread>
  <message>Start action : setText(findTestObject(\&amp;quot;Object Repository/input_Usuario_txtUsuario\&amp;quot;), \&amp;quot;Jsanchej\&amp;quot;)</message>
  <nestedLevel>1</nestedLevel>
  <property name="startLine">21</property>
  <property name="stepIndex">3</property>
</record>
<record>
  <date>2019-09-13T15:29:31</date>
  <millis>1568406571970</millis>
  <sequence>34</sequence>
  <level>PASSED</level>
  <class>com.kms.katalon.core.logging.XmlKeywordLogger</class>
  <method>logMessage</method>
  <thread>1</thread>
  <message>Text &amp;apos;Jsanchej&amp;apos; is set on object &amp;apos;Object Repository/input_Usuario_txtUsuario&amp;apos;</message>
  <nestedLevel>1</nestedLevel>
</record>
<record>
  <date>2019-09-13T15:29:31</date>
  <millis>1568406571971</millis>
  <sequence>35</sequence>
  <level>END</level>
  <class>com.kms.katalon.core.logging.XmlKeywordLogger</class>
  <method>endKeyword</method>
  <thread>1</thread>
  <message>End action : setText(findTestObject(\&amp;quot;Object Repository/input_Usuario_txtUsuario\&amp;quot;), \&amp;quot;Jsanchej\&amp;quot;)</message>
  <nestedLevel>1</nestedLevel>
</record>
<record>
  <date>2019-09-13T15:29:31</date>
  <millis>1568406571971</millis>
  <sequence>36</sequence>
  <level>START</level>
  <class>com.kms.katalon.core.logging.XmlKeywordLogger</class>
  <method>startKeyword</method>
  <thread>1</thread>
  <message>Start action : setEncryptedText(findTestObject(\&amp;quot;Object Repository/input_Contrasea_txtPassword\&amp;quot;), \&amp;quot;aeHFOx8jV/A=\&amp;quot;)</message>
  <nestedLevel>1</nestedLevel>
  <property name="startLine">23</property>
  <property name="stepIndex">4</property>
</record>
<record>
  <date>2019-09-13T15:29:32</date>
  <millis>1568406572195</millis>
  <sequence>45</sequence>
  <level>PASSED</level>
  <class>com.kms.katalon.core.logging.XmlKeywordLogger</class>
  <method>logMessage</method>
  <thread>1</thread>
  <message>Text ****** has been set on object &amp;apos;Object Repository/input_Contrasea_txtPassword&amp;apos;</message>
  <nestedLevel>1</nestedLevel>
</record>
<record>
  <date>2019-09-13T15:29:32</date>
  <millis>1568406572196</millis>
  <sequence>46</sequence>
  <level>END</level>
  <class>com.kms.katalon.core.logging.XmlKeywordLogger</class>
  <method>endKeyword</method>
  <thread>1</thread>
  <message>End action : setEncryptedText(findTestObject(\&amp;quot;Object Repository/input_Contrasea_txtPassword\&amp;quot;), \&amp;quot;aeHFOx8jV/A=\&amp;quot;)</message>
  <nestedLevel>1</nestedLevel>
</record>
<record>
  <date>2019-09-13T15:29:32</date>
  <millis>1568406572196</millis>
  <sequence>47</sequence>
  <level>START</level>
  <class>com.kms.katalon.core.logging.XmlKeywordLogger</class>
  <method>startKeyword</method>
  <thread>1</thread>
  <message>Start action : click(findTestObject(\&amp;quot;Object Repository/input_Dominio_btnIngresar\&amp;quot;))</message>
  <nestedLevel>1</nestedLevel>
  <property name="startLine">25</property>
  <property name="stepIndex">5</property>
</record>
<record>
  <date>2019-09-13T15:29:32</date>
  <millis>1568406572899</millis>
  <sequence>54</sequence>
  <level>PASSED</level>
  <class>com.kms.katalon.core.logging.XmlKeywordLogger</class>
  <method>logMessage</method>
  <thread>1</thread>
  <message>Object: &amp;apos;Object Repository/input_Dominio_btnIngresar&amp;apos; is clicked on</message>
  <nestedLevel>1</nestedLevel>
</record>
<record>
  <date>2019-09-13T15:29:32</date>
  <millis>1568406572899</millis>
  <sequence>55</sequence>
  <level>END</level>
  <class>com.kms.katalon.core.logging.XmlKeywordLogger</class>
  <method>endKeyword</method>
  <thread>1</thread>
  <message>End action : click(findTestObject(\&amp;quot;Object Repository/input_Dominio_btnIngresar\&amp;quot;))</message>
  <nestedLevel>1</nestedLevel>
</record>
<record>
  <date>2019-09-13T15:29:32</date>
  <millis>1568406572900</millis>
  <sequence>56</sequence>
  <level>PASSED</level>
  <class>com.kms.katalon.core.logging.XmlKeywordLogger</class>
  <method>logMessage</method>
  <thread>1</thread>
  <message>Test Cases/IniciarSesion/IniciarSesion</message>
  <nestedLevel>1</nestedLevel>
</record>
<record>
  <date>2019-09-13T15:29:32</date>
  <millis>1568406572900</millis>
  <sequence>57</sequence>
  <level>END</level>
  <class>com.kms.katalon.core.logging.XmlKeywordLogger</class>
  <method>endTest</method>
  <thread>1</thread>
  <message>End Test Case : Test Cases/IniciarSesion/IniciarSesion</message>
  <nestedLevel>0</nestedLevel>
</record>
<record>
  <date>2019-09-13T15:29:32</date>
  <millis>1568406572907</millis>
  <sequence>58</sequence>
  <level>START</level>
  <class>com.kms.katalon.core.logging.XmlKeywordLogger</class>
  <method>startTest</method>
  <thread>1</thread>
  <message>Start Test Case : Test Cases/IniciarSesion/SeleccionarEmpresaServicio</message>
  <nestedLevel>1</nestedLevel>
  <property name="name">Test Cases/IniciarSesion/SeleccionarEmpresaServicio</property>
  <property name="description"></property>
  <property name="id">Test Cases/IniciarSesion/SeleccionarEmpresaServicio</property>
  <property name="source">E:\\TORO\\INTERGRUPO\\AUTOMATIZACION_PROYECTOS\\PROYECTOS\\EPM - Gaspar\\Gaspar_Epm_Katalon\\Test Cases\\IniciarSesion\\SeleccionarEmpresaServicio.tc</property>
  <property name="tag"></property>
  <property name="isOptional">false</property>
</record>
<record>
  <date>2019-09-13T15:29:33</date>
  <millis>1568406573187</millis>
  <sequence>60</sequence>
  <level>START</level>
  <class>com.kms.katalon.core.logging.XmlKeywordLogger</class>
  <method>startKeyword</method>
  <thread>1</thread>
  <message>Start action : selectOptionByValue(findTestObject(\&amp;quot;Object Repository/select_EPM\&amp;quot;), \&amp;quot;EPM\&amp;quot;, true)</message>
  <nestedLevel>1</nestedLevel>
  <property name="startLine">16</property>
  <property name="stepIndex">1</property>
</record>
<record>
  <date>2019-09-13T15:29:33</date>
  <millis>1568406573437</millis>
  <sequence>69</sequence>
  <level>PASSED</level>
  <class>com.kms.katalon.core.logging.XmlKeywordLogger</class>
  <method>logMessage</method>
  <thread>1</thread>
  <message>All options with value &amp;apos;EPM&amp;apos; are selected in object &amp;apos;Object Repository/select_EPM&amp;apos;  using regular expression</message>
  <nestedLevel>1</nestedLevel>
</record>
<record>
  <date>2019-09-13T15:29:33</date>
  <millis>1568406573438</millis>
  <sequence>70</sequence>
  <level>END</level>
  <class>com.kms.katalon.core.logging.XmlKeywordLogger</class>
  <method>endKeyword</method>
  <thread>1</thread>
  <message>End action : selectOptionByValue(findTestObject(\&amp;quot;Object Repository/select_EPM\&amp;quot;), \&amp;quot;EPM\&amp;quot;, true)</message>
  <nestedLevel>1</nestedLevel>
</record>
<record>
  <date>2019-09-13T15:29:33</date>
  <millis>1568406573438</millis>
  <sequence>71</sequence>
  <level>START</level>
  <class>com.kms.katalon.core.logging.XmlKeywordLogger</class>
  <method>startKeyword</method>
  <thread>1</thread>
  <message>Start action : selectOptionByValue(findTestObject(\&amp;quot;Page_GASPAR - Empresa y Servicio/select_GasRevisiones\&amp;quot;), \&amp;quot;Gas\&amp;quot;, true)</message>
  <nestedLevel>1</nestedLevel>
  <property name="startLine">18</property>
  <property name="stepIndex">2</property>
</record>
<record>
  <date>2019-09-13T15:29:33</date>
  <millis>1568406573676</millis>
  <sequence>80</sequence>
  <level>PASSED</level>
  <class>com.kms.katalon.core.logging.XmlKeywordLogger</class>
  <method>logMessage</method>
  <thread>1</thread>
  <message>All options with value &amp;apos;Gas&amp;apos; are selected in object &amp;apos;Object Repository/Page_GASPAR - Empresa y Servicio/select_GasRevisiones&amp;apos;  using regular expression</message>
  <nestedLevel>1</nestedLevel>
</record>
<record>
  <date>2019-09-13T15:29:33</date>
  <millis>1568406573676</millis>
  <sequence>81</sequence>
  <level>END</level>
  <class>com.kms.katalon.core.logging.XmlKeywordLogger</class>
  <method>endKeyword</method>
  <thread>1</thread>
  <message>End action : selectOptionByValue(findTestObject(\&amp;quot;Page_GASPAR - Empresa y Servicio/select_GasRevisiones\&amp;quot;), \&amp;quot;Gas\&amp;quot;, true)</message>
  <nestedLevel>1</nestedLevel>
</record>
<record>
  <date>2019-09-13T15:29:33</date>
  <millis>1568406573677</millis>
  <sequence>82</sequence>
  <level>START</level>
  <class>com.kms.katalon.core.logging.XmlKeywordLogger</class>
  <method>startKeyword</method>
  <thread>1</thread>
  <message>Start action : click(findTestObject(\&amp;quot;Object Repository/input_Servicio_btnAceptar\&amp;quot;))</message>
  <nestedLevel>1</nestedLevel>
  <property name="startLine">20</property>
  <property name="stepIndex">3</property>
</record>
<record>
  <date>2019-09-13T15:29:33</date>
  <millis>1568406573817</millis>
  <sequence>89</sequence>
  <level>PASSED</level>
  <class>com.kms.katalon.core.logging.XmlKeywordLogger</class>
  <method>logMessage</method>
  <thread>1</thread>
  <message>Object: &amp;apos;Object Repository/input_Servicio_btnAceptar&amp;apos; is clicked on</message>
  <nestedLevel>1</nestedLevel>
</record>
<record>
  <date>2019-09-13T15:29:33</date>
  <millis>1568406573818</millis>
  <sequence>90</sequence>
  <level>END</level>
  <class>com.kms.katalon.core.logging.XmlKeywordLogger</class>
  <method>endKeyword</method>
  <thread>1</thread>
  <message>End action : click(findTestObject(\&amp;quot;Object Repository/input_Servicio_btnAceptar\&amp;quot;))</message>
  <nestedLevel>1</nestedLevel>
</record>
<record>
  <date>2019-09-13T15:29:33</date>
  <millis>1568406573818</millis>
  <sequence>91</sequence>
  <level>PASSED</level>
  <class>com.kms.katalon.core.logging.XmlKeywordLogger</class>
  <method>logMessage</method>
  <thread>1</thread>
  <message>Test Cases/IniciarSesion/SeleccionarEmpresaServicio</message>
  <nestedLevel>1</nestedLevel>
</record>
<record>
  <date>2019-09-13T15:29:33</date>
  <millis>1568406573818</millis>
  <sequence>92</sequence>
  <level>END</level>
  <class>com.kms.katalon.core.logging.XmlKeywordLogger</class>
  <method>endTest</method>
  <thread>1</thread>
  <message>End Test Case : Test Cases/IniciarSesion/SeleccionarEmpresaServicio</message>
  <nestedLevel>0</nestedLevel>
</record>
<record>
  <date>2019-09-13T15:29:33</date>
  <millis>1568406573822</millis>
  <sequence>93</sequence>
  <level>START</level>
  <class>com.kms.katalon.core.logging.XmlKeywordLogger</class>
  <method>startTest</method>
  <thread>1</thread>
  <message>Start Test Case : Test Cases/Ordenes de Trabajo_ConsultarAdministrar/AccederMenu_OT Contratista</message>
  <nestedLevel>1</nestedLevel>
  <property name="name">Test Cases/Ordenes de Trabajo_ConsultarAdministrar/AccederMenu_OT Contratista</property>
  <property name="description"></property>
  <property name="id">Test Cases/Ordenes de Trabajo_ConsultarAdministrar/AccederMenu_OT Contratista</property>
  <property name="source">E:\\TORO\\INTERGRUPO\\AUTOMATIZACION_PROYECTOS\\PROYECTOS\\EPM - Gaspar\\Gaspar_Epm_Katalon\\Test Cases\\Ordenes de Trabajo_ConsultarAdministrar\\AccederMenu_OT Contratista.tc</property>
  <property name="tag"></property>
  <property name="isOptional">false</property>
</record>
<record>
  <date>2019-09-13T15:29:34</date>
  <millis>1568406574086</millis>
  <sequence>95</sequence>
  <level>START</level>
  <class>com.kms.katalon.core.logging.XmlKeywordLogger</class>
  <method>startKeyword</method>
  <thread>1</thread>
  <message>Start action : mouseOver(findTestObject(\&amp;quot;Page_GASPAR - OT Contratistas/a_OT Contratistas\&amp;quot;))</message>
  <nestedLevel>1</nestedLevel>
  <property name="startLine">17</property>
  <property name="stepIndex">1</property>
</record>
<record>
  <date>2019-09-13T15:29:34</date>
  <millis>1568406574593</millis>
  <sequence>102</sequence>
  <level>PASSED</level>
  <class>com.kms.katalon.core.logging.XmlKeywordLogger</class>
  <method>logMessage</method>
  <thread>1</thread>
  <message>Object: &amp;apos;Object Repository/Page_GASPAR - OT Contratistas/a_OT Contratistas&amp;apos; is hovered</message>
  <nestedLevel>1</nestedLevel>
</record>
<record>
  <date>2019-09-13T15:29:34</date>
  <millis>1568406574593</millis>
  <sequence>103</sequence>
  <level>END</level>
  <class>com.kms.katalon.core.logging.XmlKeywordLogger</class>
  <method>endKeyword</method>
  <thread>1</thread>
  <message>End action : mouseOver(findTestObject(\&amp;quot;Page_GASPAR - OT Contratistas/a_OT Contratistas\&amp;quot;))</message>
  <nestedLevel>1</nestedLevel>
</record>
<record>
  <date>2019-09-13T15:29:34</date>
  <millis>1568406574593</millis>
  <sequence>104</sequence>
  <level>START</level>
  <class>com.kms.katalon.core.logging.XmlKeywordLogger</class>
  <method>startKeyword</method>
  <thread>1</thread>
  <message>Start action : waitForElementClickable(findTestObject(\&amp;quot;Page_GASPAR - OT Contratistas/a_OT Contratistas\&amp;quot;), 5)</message>
  <nestedLevel>1</nestedLevel>
  <property name="startLine">19</property>
  <property name="stepIndex">2</property>
</record>
<record>
  <date>2019-09-13T15:29:34</date>
  <millis>1568406574726</millis>
  <sequence>111</sequence>
  <level>PASSED</level>
  <class>com.kms.katalon.core.logging.XmlKeywordLogger</class>
  <method>logMessage</method>
  <thread>1</thread>
  <message>Object &amp;apos;Object Repository/Page_GASPAR - OT Contratistas/a_OT Contratistas&amp;apos; is clickable</message>
  <nestedLevel>1</nestedLevel>
</record>
<record>
  <date>2019-09-13T15:29:34</date>
  <millis>1568406574726</millis>
  <sequence>112</sequence>
  <level>END</level>
  <class>com.kms.katalon.core.logging.XmlKeywordLogger</class>
  <method>endKeyword</method>
  <thread>1</thread>
  <message>End action : waitForElementClickable(findTestObject(\&amp;quot;Page_GASPAR - OT Contratistas/a_OT Contratistas\&amp;quot;), 5)</message>
  <nestedLevel>1</nestedLevel>
</record>
<record>
  <date>2019-09-13T15:29:34</date>
  <millis>1568406574726</millis>
  <sequence>113</sequence>
  <level>PASSED</level>
  <class>com.kms.katalon.core.logging.XmlKeywordLogger</class>
  <method>logMessage</method>
  <thread>1</thread>
  <message>Test Cases/Ordenes de Trabajo_ConsultarAdministrar/AccederMenu_OT Contratista</message>
  <nestedLevel>1</nestedLevel>
</record>
<record>
  <date>2019-09-13T15:29:34</date>
  <millis>1568406574727</millis>
  <sequence>114</sequence>
  <level>END</level>
  <class>com.kms.katalon.core.logging.XmlKeywordLogger</class>
  <method>endTest</method>
  <thread>1</thread>
  <message>End Test Case : Test Cases/Ordenes de Trabajo_ConsultarAdministrar/AccederMenu_OT Contratista</message>
  <nestedLevel>0</nestedLevel>
</record>
<record>
  <date>2019-09-13T15:29:34</date>
  <millis>1568406574730</millis>
  <sequence>115</sequence>
  <level>START</level>
  <class>com.kms.katalon.core.logging.XmlKeywordLogger</class>
  <method>startTest</method>
  <thread>1</thread>
  <message>Start Test Case : Test Cases/Ordenes de Trabajo_ConsultarAdministrar/AccederMenu_ConsultarOrdenes</message>
  <nestedLevel>1</nestedLevel>
  <property name="name">Test Cases/Ordenes de Trabajo_ConsultarAdministrar/AccederMenu_ConsultarOrdenes</property>
  <property name="description"></property>
  <property name="id">Test Cases/Ordenes de Trabajo_ConsultarAdministrar/AccederMenu_ConsultarOrdenes</property>
  <property name="source">E:\\TORO\\INTERGRUPO\\AUTOMATIZACION_PROYECTOS\\PROYECTOS\\EPM - Gaspar\\Gaspar_Epm_Katalon\\Test Cases\\Ordenes de Trabajo_ConsultarAdministrar\\AccederMenu_ConsultarOrdenes.tc</property>
  <property name="tag"></property>
  <property name="isOptional">false</property>
</record>
<record>
  <date>2019-09-13T15:29:35</date>
  <millis>1568406575027</millis>
  <sequence>117</sequence>
  <level>START</level>
  <class>com.kms.katalon.core.logging.XmlKeywordLogger</class>
  <method>startKeyword</method>
  <thread>1</thread>
  <message>Start action : click(findTestObject(\&amp;quot;Object Repository/Page_GASPAR - OT Contratistas/a_Consultar rdenes de Trabajo\&amp;quot;))</message>
  <nestedLevel>1</nestedLevel>
  <property name="startLine">17</property>
  <property name="stepIndex">1</property>
</record>
<record>
  <date>2019-09-13T15:29:36</date>
  <millis>1568406576474</millis>
  <sequence>124</sequence>
  <level>PASSED</level>
  <class>com.kms.katalon.core.logging.XmlKeywordLogger</class>
  <method>logMessage</method>
  <thread>1</thread>
  <message>Object: &amp;apos;Object Repository/Page_GASPAR - OT Contratistas/a_Consultar rdenes de Trabajo&amp;apos; is clicked on</message>
  <nestedLevel>1</nestedLevel>
</record>
<record>
  <date>2019-09-13T15:29:36</date>
  <millis>1568406576475</millis>
  <sequence>125</sequence>
  <level>END</level>
  <class>com.kms.katalon.core.logging.XmlKeywordLogger</class>
  <method>endKeyword</method>
  <thread>1</thread>
  <message>End action : click(findTestObject(\&amp;quot;Object Repository/Page_GASPAR - OT Contratistas/a_Consultar rdenes de Trabajo\&amp;quot;))</message>
  <nestedLevel>1</nestedLevel>
</record>
<record>
  <date>2019-09-13T15:29:36</date>
  <millis>1568406576475</millis>
  <sequence>126</sequence>
  <level>START</level>
  <class>com.kms.katalon.core.logging.XmlKeywordLogger</class>
  <method>startKeyword</method>
  <thread>1</thread>
  <message>Start action : waitForElementClickable(findTestObject(\&amp;quot;Page_GASPAR - OT Contratistas/a_Consultar rdenes de Trabajo\&amp;quot;), 5)</message>
  <nestedLevel>1</nestedLevel>
  <property name="startLine">19</property>
  <property name="stepIndex">2</property>
</record>
<record>
  <date>2019-09-13T15:29:36</date>
  <millis>1568406576575</millis>
  <sequence>133</sequence>
  <level>PASSED</level>
  <class>com.kms.katalon.core.logging.XmlKeywordLogger</class>
  <method>logMessage</method>
  <thread>1</thread>
  <message>Object &amp;apos;Object Repository/Page_GASPAR - OT Contratistas/a_Consultar rdenes de Trabajo&amp;apos; is clickable</message>
  <nestedLevel>1</nestedLevel>
</record>
<record>
  <date>2019-09-13T15:29:36</date>
  <millis>1568406576576</millis>
  <sequence>134</sequence>
  <level>END</level>
  <class>com.kms.katalon.core.logging.XmlKeywordLogger</class>
  <method>endKeyword</method>
  <thread>1</thread>
  <message>End action : waitForElementClickable(findTestObject(\&amp;quot;Page_GASPAR - OT Contratistas/a_Consultar rdenes de Trabajo\&amp;quot;), 5)</message>
  <nestedLevel>1</nestedLevel>
</record>
<record>
  <date>2019-09-13T15:29:36</date>
  <millis>1568406576576</millis>
  <sequence>135</sequence>
  <level>START</level>
  <class>com.kms.katalon.core.logging.XmlKeywordLogger</class>
  <method>startKeyword</method>
  <thread>1</thread>
  <message>Start action : click(findTestObject(\&amp;quot;Object Repository/Page_GASPAR - OT Contratistas/p_Consultar rdenes de Trabajo\&amp;quot;))</message>
  <nestedLevel>1</nestedLevel>
  <property name="startLine">21</property>
  <property name="stepIndex">3</property>
</record>
<record>
  <date>2019-09-13T15:29:36</date>
  <millis>1568406576703</millis>
  <sequence>142</sequence>
  <level>PASSED</level>
  <class>com.kms.katalon.core.logging.XmlKeywordLogger</class>
  <method>logMessage</method>
  <thread>1</thread>
  <message>Object: &amp;apos;Object Repository/Page_GASPAR - OT Contratistas/p_Consultar rdenes de Trabajo&amp;apos; is clicked on</message>
  <nestedLevel>1</nestedLevel>
</record>
<record>
  <date>2019-09-13T15:29:36</date>
  <millis>1568406576703</millis>
  <sequence>143</sequence>
  <level>END</level>
  <class>com.kms.katalon.core.logging.XmlKeywordLogger</class>
  <method>endKeyword</method>
  <thread>1</thread>
  <message>End action : click(findTestObject(\&amp;quot;Object Repository/Page_GASPAR - OT Contratistas/p_Consultar rdenes de Trabajo\&amp;quot;))</message>
  <nestedLevel>1</nestedLevel>
</record>
<record>
  <date>2019-09-13T15:29:36</date>
  <millis>1568406576704</millis>
  <sequence>144</sequence>
  <level>PASSED</level>
  <class>com.kms.katalon.core.logging.XmlKeywordLogger</class>
  <method>logMessage</method>
  <thread>1</thread>
  <message>Test Cases/Ordenes de Trabajo_ConsultarAdministrar/AccederMenu_ConsultarOrdenes</message>
  <nestedLevel>1</nestedLevel>
</record>
<record>
  <date>2019-09-13T15:29:36</date>
  <millis>1568406576704</millis>
  <sequence>145</sequence>
  <level>END</level>
  <class>com.kms.katalon.core.logging.XmlKeywordLogger</class>
  <method>endTest</method>
  <thread>1</thread>
  <message>End Test Case : Test Cases/Ordenes de Trabajo_ConsultarAdministrar/AccederMenu_ConsultarOrdenes</message>
  <nestedLevel>0</nestedLevel>
</record>
<record>
  <date>2019-09-13T15:29:36</date>
  <millis>1568406576708</millis>
  <sequence>146</sequence>
  <level>START</level>
  <class>com.kms.katalon.core.logging.XmlKeywordLogger</class>
  <method>startTest</method>
  <thread>1</thread>
  <message>Start Test Case : Test Cases/Ordenes de Trabajo_ConsultarAdministrar/IngresarFiltroConsulta</message>
  <nestedLevel>1</nestedLevel>
  <property name="name">Test Cases/Ordenes de Trabajo_ConsultarAdministrar/IngresarFiltroConsulta</property>
  <property name="description"></property>
  <property name="id">Test Cases/Ordenes de Trabajo_ConsultarAdministrar/IngresarFiltroConsulta</property>
  <property name="source">E:\\TORO\\INTERGRUPO\\AUTOMATIZACION_PROYECTOS\\PROYECTOS\\EPM - Gaspar\\Gaspar_Epm_Katalon\\Test Cases\\Ordenes de Trabajo_ConsultarAdministrar\\IngresarFiltroConsulta.tc</property>
  <property name="tag"></property>
  <property name="isOptional">false</property>
</record>
<record>
  <date>2019-09-13T15:29:37</date>
  <millis>1568406577023</millis>
  <sequence>148</sequence>
  <level>START</level>
  <class>com.kms.katalon.core.logging.XmlKeywordLogger</class>
  <method>startKeyword</method>
  <thread>1</thread>
  <message>Start action : click(findTestObject(\&amp;quot;Object Repository/Page_GASPAR - Consultar rdenes de Trabajo/input_Nmero Instalacin_ctl00cphContenidobotonConsultar\&amp;quot;))</message>
  <nestedLevel>1</nestedLevel>
  <property name="startLine">17</property>
  <property name="stepIndex">1</property>
</record>
<record>
  <date>2019-09-13T15:29:37</date>
  <millis>1568406577181</millis>
  <sequence>155</sequence>
  <level>PASSED</level>
  <class>com.kms.katalon.core.logging.XmlKeywordLogger</class>
  <method>logMessage</method>
  <thread>1</thread>
  <message>Object: &amp;apos;Object Repository/Page_GASPAR - Consultar rdenes de Trabajo/input_Nmero Instalacin_ctl00cphContenidobotonConsultar&amp;apos; is clicked on</message>
  <nestedLevel>1</nestedLevel>
</record>
<record>
  <date>2019-09-13T15:29:37</date>
  <millis>1568406577182</millis>
  <sequence>156</sequence>
  <level>END</level>
  <class>com.kms.katalon.core.logging.XmlKeywordLogger</class>
  <method>endKeyword</method>
  <thread>1</thread>
  <message>End action : click(findTestObject(\&amp;quot;Object Repository/Page_GASPAR - Consultar rdenes de Trabajo/input_Nmero Instalacin_ctl00cphContenidobotonConsultar\&amp;quot;))</message>
  <nestedLevel>1</nestedLevel>
</record>
<record>
  <date>2019-09-13T15:29:37</date>
  <millis>1568406577182</millis>
  <sequence>157</sequence>
  <level>START</level>
  <class>com.kms.katalon.core.logging.XmlKeywordLogger</class>
  <method>startKeyword</method>
  <thread>1</thread>
  <message>Start action : click(findTestObject(\&amp;quot;Object Repository/Page_GASPAR - Consultar rdenes de Trabajo/a_000233009\&amp;quot;))</message>
  <nestedLevel>1</nestedLevel>
  <property name="startLine">19</property>
  <property name="stepIndex">2</property>
</record>
<record>
  <date>2019-09-13T15:29:42</date>
  <millis>1568406582707</millis>
  <sequence>164</sequence>
  <level>PASSED</level>
  <class>com.kms.katalon.core.logging.XmlKeywordLogger</class>
  <method>logMessage</method>
  <thread>1</thread>
  <message>Object: &amp;apos;Object Repository/Page_GASPAR - Consultar rdenes de Trabajo/a_000233009&amp;apos; is clicked on</message>
  <nestedLevel>1</nestedLevel>
</record>
<record>
  <date>2019-09-13T15:29:42</date>
  <millis>1568406582708</millis>
  <sequence>165</sequence>
  <level>END</level>
  <class>com.kms.katalon.core.logging.XmlKeywordLogger</class>
  <method>endKeyword</method>
  <thread>1</thread>
  <message>End action : click(findTestObject(\&amp;quot;Object Repository/Page_GASPAR - Consultar rdenes de Trabajo/a_000233009\&amp;quot;))</message>
  <nestedLevel>1</nestedLevel>
</record>
<record>
  <date>2019-09-13T15:29:42</date>
  <millis>1568406582708</millis>
  <sequence>166</sequence>
  <level>PASSED</level>
  <class>com.kms.katalon.core.logging.XmlKeywordLogger</class>
  <method>logMessage</method>
  <thread>1</thread>
  <message>Test Cases/Ordenes de Trabajo_ConsultarAdministrar/IngresarFiltroConsulta</message>
  <nestedLevel>1</nestedLevel>
</record>
<record>
  <date>2019-09-13T15:29:42</date>
  <millis>1568406582709</millis>
  <sequence>167</sequence>
  <level>END</level>
  <class>com.kms.katalon.core.logging.XmlKeywordLogger</class>
  <method>endTest</method>
  <thread>1</thread>
  <message>End Test Case : Test Cases/Ordenes de Trabajo_ConsultarAdministrar/IngresarFiltroConsulta</message>
  <nestedLevel>0</nestedLevel>
</record>
<record>
  <date>2019-09-13T15:29:42</date>
  <millis>1568406582713</millis>
  <sequence>168</sequence>
  <level>START</level>
  <class>com.kms.katalon.core.logging.XmlKeywordLogger</class>
  <method>startTest</method>
  <thread>1</thread>
  <message>Start Test Case : Test Cases/Ordenes de Trabajo_ConsultarAdministrar/AdministrarOrden</message>
  <nestedLevel>1</nestedLevel>
  <property name="name">Test Cases/Ordenes de Trabajo_ConsultarAdministrar/AdministrarOrden</property>
  <property name="description"></property>
  <property name="id">Test Cases/Ordenes de Trabajo_ConsultarAdministrar/AdministrarOrden</property>
  <property name="source">E:\\TORO\\INTERGRUPO\\AUTOMATIZACION_PROYECTOS\\PROYECTOS\\EPM - Gaspar\\Gaspar_Epm_Katalon\\Test Cases\\Ordenes de Trabajo_ConsultarAdministrar\\AdministrarOrden.tc</property>
  <property name="tag"></property>
  <property name="isOptional">false</property>
</record>
<record>
  <date>2019-09-13T15:29:43</date>
  <millis>1568406583085</millis>
  <sequence>170</sequence>
  <level>START</level>
  <class>com.kms.katalon.core.logging.XmlKeywordLogger</class>
  <method>startKeyword</method>
  <thread>1</thread>
  <message>Start action : selectOptionByValue(findTestObject(\&amp;quot;Object Repository/Page_GASPAR - Modificar rdenes de Trabajo/Seleccion Codigo General\&amp;quot;), \&amp;quot;7\&amp;quot;, true)</message>
  <nestedLevel>1</nestedLevel>
  <property name="startLine">16</property>
  <property name="stepIndex">1</property>
</record>
<record>
  <date>2019-09-13T15:29:43</date>
  <millis>1568406583525</millis>
  <sequence>179</sequence>
  <level>PASSED</level>
  <class>com.kms.katalon.core.logging.XmlKeywordLogger</class>
  <method>logMessage</method>
  <thread>1</thread>
  <message>All options with value &amp;apos;7&amp;apos; are selected in object &amp;apos;Object Repository/Page_GASPAR - Modificar rdenes de Trabajo/Seleccion Codigo General&amp;apos;  using regular expression</message>
  <nestedLevel>1</nestedLevel>
</record>
<record>
  <date>2019-09-13T15:29:43</date>
  <millis>1568406583525</millis>
  <sequence>180</sequence>
  <level>END</level>
  <class>com.kms.katalon.core.logging.XmlKeywordLogger</class>
  <method>endKeyword</method>
  <thread>1</thread>
  <message>End action : selectOptionByValue(findTestObject(\&amp;quot;Object Repository/Page_GASPAR - Modificar rdenes de Trabajo/Seleccion Codigo General\&amp;quot;), \&amp;quot;7\&amp;quot;, true)</message>
  <nestedLevel>1</nestedLevel>
</record>
<record>
  <date>2019-09-13T15:29:43</date>
  <millis>1568406583526</millis>
  <sequence>181</sequence>
  <level>START</level>
  <class>com.kms.katalon.core.logging.XmlKeywordLogger</class>
  <method>startKeyword</method>
  <thread>1</thread>
  <message>Start action : selectOptionByValue(findTestObject(\&amp;quot;Object Repository/Page_GASPAR - Modificar rdenes de Trabajo/Seleccion Codigo Especifico\&amp;quot;), \&amp;quot;120\&amp;quot;, true)</message>
  <nestedLevel>1</nestedLevel>
  <property name="startLine">19</property>
  <property name="stepIndex">2</property>
</record>
<record>
  <date>2019-09-13T15:29:43</date>
  <millis>1568406583748</millis>
  <sequence>190</sequence>
  <level>PASSED</level>
  <class>com.kms.katalon.core.logging.XmlKeywordLogger</class>
  <method>logMessage</method>
  <thread>1</thread>
  <message>All options with value &amp;apos;120&amp;apos; are selected in object &amp;apos;Object Repository/Page_GASPAR - Modificar rdenes de Trabajo/Seleccion Codigo Especifico&amp;apos;  using regular expression</message>
  <nestedLevel>1</nestedLevel>
</record>
<record>
  <date>2019-09-13T15:29:43</date>
  <millis>1568406583749</millis>
  <sequence>191</sequence>
  <level>END</level>
  <class>com.kms.katalon.core.logging.XmlKeywordLogger</class>
  <method>endKeyword</method>
  <thread>1</thread>
  <message>End action : selectOptionByValue(findTestObject(\&amp;quot;Object Repository/Page_GASPAR - Modificar rdenes de Trabajo/Seleccion Codigo Especifico\&amp;quot;), \&amp;quot;120\&amp;quot;, true)</message>
  <nestedLevel>1</nestedLevel>
</record>
<record>
  <date>2019-09-13T15:29:43</date>
  <millis>1568406583749</millis>
  <sequence>192</sequence>
  <level>START</level>
  <class>com.kms.katalon.core.logging.XmlKeywordLogger</class>
  <method>startKeyword</method>
  <thread>1</thread>
  <message>Start action : selectOptionByValue(findTestObject(\&amp;quot;Object Repository/Page_GASPAR - Modificar rdenes de Trabajo/Seleccion Causa\&amp;quot;), \&amp;quot;47\&amp;quot;, true)</message>
  <nestedLevel>1</nestedLevel>
  <property name="startLine">22</property>
  <property name="stepIndex">3</property>
</record>
<record>
  <date>2019-09-13T15:29:44</date>
  <millis>1568406584000</millis>
  <sequence>201</sequence>
  <level>PASSED</level>
  <class>com.kms.katalon.core.logging.XmlKeywordLogger</class>
  <method>logMessage</method>
  <thread>1</thread>
  <message>All options with value &amp;apos;47&amp;apos; are selected in object &amp;apos;Object Repository/Page_GASPAR - Modificar rdenes de Trabajo/Seleccion Causa&amp;apos;  using regular expression</message>
  <nestedLevel>1</nestedLevel>
</record>
<record>
  <date>2019-09-13T15:29:44</date>
  <millis>1568406584000</millis>
  <sequence>202</sequence>
  <level>END</level>
  <class>com.kms.katalon.core.logging.XmlKeywordLogger</class>
  <method>endKeyword</method>
  <thread>1</thread>
  <message>End action : selectOptionByValue(findTestObject(\&amp;quot;Object Repository/Page_GASPAR - Modificar rdenes de Trabajo/Seleccion Causa\&amp;quot;), \&amp;quot;47\&amp;quot;, true)</message>
  <nestedLevel>1</nestedLevel>
</record>
<record>
  <date>2019-09-13T15:29:44</date>
  <millis>1568406584000</millis>
  <sequence>203</sequence>
  <level>START</level>
  <class>com.kms.katalon.core.logging.XmlKeywordLogger</class>
  <method>startKeyword</method>
  <thread>1</thread>
  <message>Start action : setText(findTestObject(\&amp;quot;Object Repository/Page_GASPAR - Modificar rdenes de Trabajo/Ingresar Observacion\&amp;quot;), \&amp;quot;Creo que se da\u00F1o mi manguera\&amp;quot;)</message>
  <nestedLevel>1</nestedLevel>
  <property name="startLine">25</property>
  <property name="stepIndex">4</property>
</record>
<record>
  <date>2019-09-13T15:29:44</date>
  <millis>1568406584210</millis>
  <sequence>212</sequence>
  <level>PASSED</level>
  <class>com.kms.katalon.core.logging.XmlKeywordLogger</class>
  <method>logMessage</method>
  <thread>1</thread>
  <message>Text &amp;apos;Creo que se da\u00F1o mi manguera&amp;apos; is set on object &amp;apos;Object Repository/Page_GASPAR - Modificar rdenes de Trabajo/Ingresar Observacion&amp;apos;</message>
  <nestedLevel>1</nestedLevel>
</record>
<record>
  <date>2019-09-13T15:29:44</date>
  <millis>1568406584210</millis>
  <sequence>213</sequence>
  <level>END</level>
  <class>com.kms.katalon.core.logging.XmlKeywordLogger</class>
  <method>endKeyword</method>
  <thread>1</thread>
  <message>End action : setText(findTestObject(\&amp;quot;Object Repository/Page_GASPAR - Modificar rdenes de Trabajo/Ingresar Observacion\&amp;quot;), \&amp;quot;Creo que se da\u00F1o mi manguera\&amp;quot;)</message>
  <nestedLevel>1</nestedLevel>
</record>
<record>
  <date>2019-09-13T15:29:44</date>
  <millis>1568406584210</millis>
  <sequence>214</sequence>
  <level>START</level>
  <class>com.kms.katalon.core.logging.XmlKeywordLogger</class>
  <method>startKeyword</method>
  <thread>1</thread>
  <message>Start action : click(findTestObject(\&amp;quot;Object Repository/Page_GASPAR - Modificar rdenes de Trabajo/input__ctl00cphContenidobotonGuardar\&amp;quot;))</message>
  <nestedLevel>1</nestedLevel>
  <property name="startLine">27</property>
  <property name="stepIndex">5</property>
</record>
<record>
  <date>2019-09-13T15:29:46</date>
  <millis>1568406586090</millis>
  <sequence>221</sequence>
  <level>PASSED</level>
  <class>com.kms.katalon.core.logging.XmlKeywordLogger</class>
  <method>logMessage</method>
  <thread>1</thread>
  <message>Object: &amp;apos;Object Repository/Page_GASPAR - Modificar rdenes de Trabajo/input__ctl00cphContenidobotonGuardar&amp;apos; is clicked on</message>
  <nestedLevel>1</nestedLevel>
</record>
<record>
  <date>2019-09-13T15:29:46</date>
  <millis>1568406586091</millis>
  <sequence>222</sequence>
  <level>END</level>
  <class>com.kms.katalon.core.logging.XmlKeywordLogger</class>
  <method>endKeyword</method>
  <thread>1</thread>
  <message>End action : click(findTestObject(\&amp;quot;Object Repository/Page_GASPAR - Modificar rdenes de Trabajo/input__ctl00cphContenidobotonGuardar\&amp;quot;))</message>
  <nestedLevel>1</nestedLevel>
</record>
<record>
  <date>2019-09-13T15:29:46</date>
  <millis>1568406586092</millis>
  <sequence>223</sequence>
  <level>START</level>
  <class>com.kms.katalon.core.logging.XmlKeywordLogger</class>
  <method>startKeyword</method>
  <thread>1</thread>
  <message>Start action : click(findTestObject(\&amp;quot;Object Repository/Page_GASPAR - Modificar rdenes de Trabajo/li_La orden de trabajo fue modificada exitosamente\&amp;quot;))</message>
  <nestedLevel>1</nestedLevel>
  <property name="startLine">29</property>
  <property name="stepIndex">6</property>
</record>
<record>
  <date>2019-09-13T15:29:46</date>
  <millis>1568406586230</millis>
  <sequence>230</sequence>
  <level>PASSED</level>
  <class>com.kms.katalon.core.logging.XmlKeywordLogger</class>
  <method>logMessage</method>
  <thread>1</thread>
  <message>Object: &amp;apos;Object Repository/Page_GASPAR - Modificar rdenes de Trabajo/li_La orden de trabajo fue modificada exitosamente&amp;apos; is clicked on</message>
  <nestedLevel>1</nestedLevel>
</record>
<record>
  <date>2019-09-13T15:29:46</date>
  <millis>1568406586230</millis>
  <sequence>231</sequence>
  <level>END</level>
  <class>com.kms.katalon.core.logging.XmlKeywordLogger</class>
  <method>endKeyword</method>
  <thread>1</thread>
  <message>End action : click(findTestObject(\&amp;quot;Object Repository/Page_GASPAR - Modificar rdenes de Trabajo/li_La orden de trabajo fue modificada exitosamente\&amp;quot;))</message>
  <nestedLevel>1</nestedLevel>
</record>
<record>
  <date>2019-09-13T15:29:46</date>
  <millis>1568406586230</millis>
  <sequence>232</sequence>
  <level>PASSED</level>
  <class>com.kms.katalon.core.logging.XmlKeywordLogger</class>
  <method>logMessage</method>
  <thread>1</thread>
  <message>Test Cases/Ordenes de Trabajo_ConsultarAdministrar/AdministrarOrden</message>
  <nestedLevel>1</nestedLevel>
</record>
<record>
  <date>2019-09-13T15:29:46</date>
  <millis>1568406586230</millis>
  <sequence>233</sequence>
  <level>END</level>
  <class>com.kms.katalon.core.logging.XmlKeywordLogger</class>
  <method>endTest</method>
  <thread>1</thread>
  <message>End Test Case : Test Cases/Ordenes de Trabajo_ConsultarAdministrar/AdministrarOrden</message>
  <nestedLevel>0</nestedLevel>
</record>
<record>
  <date>2019-09-13T15:29:47</date>
  <millis>1568406587166</millis>
  <sequence>234</sequence>
  <level>END</level>
  <class>com.kms.katalon.core.logging.XmlKeywordLogger</class>
  <method>endSuite</method>
  <thread>1</thread>
  <message>End Test Suite : Test Suites/Ordenes de Trabajo_FlujoCompleto/EjecucionCompleto_ConsultaAdministracion</message>
  <nestedLevel>0</nestedLevel>
</record>
</log>
