<?xml version="1.0" encoding="UTF-8" standalone="no"?>
<!DOCTYPE log SYSTEM "logger.dtd">
<log>
<record>
  <date>2019-09-13T11:48:03</date>
  <millis>1568393283859</millis>
  <sequence>0</sequence>
  <level>START</level>
  <class>com.kms.katalon.core.logging.XmlKeywordLogger</class>
  <method>startSuite</method>
  <thread>1</thread>
  <message>Start Test Suite : Test Suites/Requerimientos_FlujoCompleto/EjecucionCompleto_CreacionCancelacion</message>
  <nestedLevel>0</nestedLevel>
  <property name="name">EjecucionCompleto_CreacionCancelacion</property>
  <property name="description"></property>
  <property name="id">Test Suites/Requerimientos_FlujoCompleto/EjecucionCompleto_CreacionCancelacion</property>
</record>
<record>
  <date>2019-09-13T11:48:03</date>
  <millis>1568393283881</millis>
  <sequence>1</sequence>
  <level>RUN_DATA</level>
  <class>com.kms.katalon.core.logging.XmlKeywordLogger</class>
  <method>logMessage</method>
  <thread>1</thread>
  <message>hostName = Ltoroc - P-Ltoroc.intergrupo.com</message>
  <nestedLevel>0</nestedLevel>
  <property name="hostName">Ltoroc - P-Ltoroc.intergrupo.com</property>
</record>
<record>
  <date>2019-09-13T11:48:03</date>
  <millis>1568393283882</millis>
  <sequence>2</sequence>
  <level>RUN_DATA</level>
  <class>com.kms.katalon.core.logging.XmlKeywordLogger</class>
  <method>logMessage</method>
  <thread>1</thread>
  <message>os = Windows 10 32bit</message>
  <nestedLevel>0</nestedLevel>
  <property name="os">Windows 10 32bit</property>
</record>
<record>
  <date>2019-09-13T11:48:03</date>
  <millis>1568393283884</millis>
  <sequence>3</sequence>
  <level>RUN_DATA</level>
  <class>com.kms.katalon.core.logging.XmlKeywordLogger</class>
  <method>logMessage</method>
  <thread>1</thread>
  <message>hostAddress = 192.168.0.14</message>
  <nestedLevel>0</nestedLevel>
  <property name="hostAddress">192.168.0.14</property>
</record>
<record>
  <date>2019-09-13T11:48:03</date>
  <millis>1568393283886</millis>
  <sequence>4</sequence>
  <level>RUN_DATA</level>
  <class>com.kms.katalon.core.logging.XmlKeywordLogger</class>
  <method>logMessage</method>
  <thread>1</thread>
  <message>katalonVersion = 6.3.0.1</message>
  <nestedLevel>0</nestedLevel>
  <property name="katalonVersion">6.3.0.1</property>
</record>
<record>
  <date>2019-09-13T11:48:04</date>
  <millis>1568393284119</millis>
  <sequence>5</sequence>
  <level>START</level>
  <class>com.kms.katalon.core.logging.XmlKeywordLogger</class>
  <method>startTest</method>
  <thread>1</thread>
  <message>Start Test Case : Test Cases/IniciarSesion/IniciarSesion</message>
  <nestedLevel>1</nestedLevel>
  <property name="name">Test Cases/IniciarSesion/IniciarSesion</property>
  <property name="description"></property>
  <property name="id">Test Cases/IniciarSesion/IniciarSesion</property>
  <property name="source">E:\\TORO\\INTERGRUPO\\AUTOMATIZACION_PROYECTOS\\PROYECTOS\\EPM - Gaspar\\Gaspar_Epm_Katalon\\Test Cases\\IniciarSesion\\IniciarSesion.tc</property>
  <property name="tag"></property>
  <property name="isOptional">false</property>
</record>
<record>
  <date>2019-09-13T11:48:04</date>
  <millis>1568393284469</millis>
  <sequence>7</sequence>
  <level>START</level>
  <class>com.kms.katalon.core.logging.XmlKeywordLogger</class>
  <method>startKeyword</method>
  <thread>1</thread>
  <message>Start action : openBrowser(\&amp;quot;\&amp;quot;)</message>
  <nestedLevel>1</nestedLevel>
  <property name="startLine">17</property>
  <property name="stepIndex">1</property>
</record>
<record>
  <date>2019-09-13T11:48:04</date>
  <millis>1568393284700</millis>
  <sequence>9</sequence>
  <level>INFO</level>
  <class>com.kms.katalon.core.logging.XmlKeywordLogger</class>
  <method>logMessage</method>
  <thread>1</thread>
  <message>Starting &amp;apos;Chrome&amp;apos; driver</message>
  <nestedLevel>1</nestedLevel>
</record>
<record>
  <date>2019-09-13T11:48:04</date>
  <millis>1568393284740</millis>
  <sequence>11</sequence>
  <level>INFO</level>
  <class>com.kms.katalon.core.logging.XmlKeywordLogger</class>
  <method>logMessage</method>
  <thread>1</thread>
  <message>Action delay is set to 0 seconds</message>
  <nestedLevel>1</nestedLevel>
</record>
<record>
  <date>2019-09-13T11:48:09</date>
  <millis>1568393289322</millis>
  <sequence>13</sequence>
  <level>RUN_DATA</level>
  <class>com.kms.katalon.core.logging.XmlKeywordLogger</class>
  <method>logMessage</method>
  <thread>1</thread>
  <message>sessionId = 940ca9a6e87604703d2d9d5e05139fd1</message>
  <nestedLevel>1</nestedLevel>
  <property name="sessionId">940ca9a6e87604703d2d9d5e05139fd1</property>
</record>
<record>
  <date>2019-09-13T11:48:09</date>
  <millis>1568393289350</millis>
  <sequence>14</sequence>
  <level>RUN_DATA</level>
  <class>com.kms.katalon.core.logging.XmlKeywordLogger</class>
  <method>logMessage</method>
  <thread>1</thread>
  <message>browser = Chrome 76.0.3809.132</message>
  <nestedLevel>1</nestedLevel>
  <property name="browser">Chrome 76.0.3809.132</property>
</record>
<record>
  <date>2019-09-13T11:48:09</date>
  <millis>1568393289351</millis>
  <sequence>15</sequence>
  <level>RUN_DATA</level>
  <class>com.kms.katalon.core.logging.XmlKeywordLogger</class>
  <method>logMessage</method>
  <thread>1</thread>
  <message>platform = Windows 10</message>
  <nestedLevel>1</nestedLevel>
  <property name="platform">Windows 10</property>
</record>
<record>
  <date>2019-09-13T11:48:09</date>
  <millis>1568393289352</millis>
  <sequence>16</sequence>
  <level>RUN_DATA</level>
  <class>com.kms.katalon.core.logging.XmlKeywordLogger</class>
  <method>logMessage</method>
  <thread>1</thread>
  <message>seleniumVersion = 3.141.59</message>
  <nestedLevel>1</nestedLevel>
  <property name="seleniumVersion">3.141.59</property>
</record>
<record>
  <date>2019-09-13T11:48:09</date>
  <millis>1568393289352</millis>
  <sequence>17</sequence>
  <level>RUN_DATA</level>
  <class>com.kms.katalon.core.logging.XmlKeywordLogger</class>
  <method>logMessage</method>
  <thread>1</thread>
  <message>proxyInformation = ProxyInformation{proxyOption=NO_PROXY, proxyServerType=HTTP, password=, proxyServerAddress=, proxyServerPort=0}</message>
  <nestedLevel>1</nestedLevel>
  <property name="proxyInformation">ProxyInformation{proxyOption=NO_PROXY, proxyServerType=HTTP, password=, proxyServerAddress=, proxyServerPort=0}</property>
</record>
<record>
  <date>2019-09-13T11:48:09</date>
  <millis>1568393289353</millis>
  <sequence>18</sequence>
  <level>PASSED</level>
  <class>com.kms.katalon.core.logging.XmlKeywordLogger</class>
  <method>logMessage</method>
  <thread>1</thread>
  <message>Browser is opened with url: &amp;apos;&amp;apos;</message>
  <nestedLevel>1</nestedLevel>
</record>
<record>
  <date>2019-09-13T11:48:09</date>
  <millis>1568393289354</millis>
  <sequence>19</sequence>
  <level>END</level>
  <class>com.kms.katalon.core.logging.XmlKeywordLogger</class>
  <method>endKeyword</method>
  <thread>1</thread>
  <message>End action : openBrowser(\&amp;quot;\&amp;quot;)</message>
  <nestedLevel>1</nestedLevel>
</record>
<record>
  <date>2019-09-13T11:48:09</date>
  <millis>1568393289354</millis>
  <sequence>20</sequence>
  <level>START</level>
  <class>com.kms.katalon.core.logging.XmlKeywordLogger</class>
  <method>startKeyword</method>
  <thread>1</thread>
  <message>Start action : navigateToUrl(\&amp;quot;https://smdepbwws01v.intergrupo.com/EpmGaspar/Seguridad/Login.aspx\&amp;quot;)</message>
  <nestedLevel>1</nestedLevel>
  <property name="startLine">19</property>
  <property name="stepIndex">2</property>
</record>
<record>
  <date>2019-09-13T11:48:10</date>
  <millis>1568393290644</millis>
  <sequence>23</sequence>
  <level>PASSED</level>
  <class>com.kms.katalon.core.logging.XmlKeywordLogger</class>
  <method>logMessage</method>
  <thread>1</thread>
  <message>Navigate to &amp;apos;https://smdepbwws01v.intergrupo.com/EpmGaspar/Seguridad/Login.aspx&amp;apos; successfully</message>
  <nestedLevel>1</nestedLevel>
</record>
<record>
  <date>2019-09-13T11:48:10</date>
  <millis>1568393290645</millis>
  <sequence>24</sequence>
  <level>END</level>
  <class>com.kms.katalon.core.logging.XmlKeywordLogger</class>
  <method>endKeyword</method>
  <thread>1</thread>
  <message>End action : navigateToUrl(\&amp;quot;https://smdepbwws01v.intergrupo.com/EpmGaspar/Seguridad/Login.aspx\&amp;quot;)</message>
  <nestedLevel>1</nestedLevel>
</record>
<record>
  <date>2019-09-13T11:48:10</date>
  <millis>1568393290645</millis>
  <sequence>25</sequence>
  <level>START</level>
  <class>com.kms.katalon.core.logging.XmlKeywordLogger</class>
  <method>startKeyword</method>
  <thread>1</thread>
  <message>Start action : setText(findTestObject(\&amp;quot;Object Repository/input_Usuario_txtUsuario\&amp;quot;), \&amp;quot;Ltoroc\&amp;quot;)</message>
  <nestedLevel>1</nestedLevel>
  <property name="startLine">21</property>
  <property name="stepIndex">3</property>
</record>
<record>
  <date>2019-09-13T11:48:10</date>
  <millis>1568393290882</millis>
  <sequence>34</sequence>
  <level>PASSED</level>
  <class>com.kms.katalon.core.logging.XmlKeywordLogger</class>
  <method>logMessage</method>
  <thread>1</thread>
  <message>Text &amp;apos;Ltoroc&amp;apos; is set on object &amp;apos;Object Repository/input_Usuario_txtUsuario&amp;apos;</message>
  <nestedLevel>1</nestedLevel>
</record>
<record>
  <date>2019-09-13T11:48:10</date>
  <millis>1568393290883</millis>
  <sequence>35</sequence>
  <level>END</level>
  <class>com.kms.katalon.core.logging.XmlKeywordLogger</class>
  <method>endKeyword</method>
  <thread>1</thread>
  <message>End action : setText(findTestObject(\&amp;quot;Object Repository/input_Usuario_txtUsuario\&amp;quot;), \&amp;quot;Ltoroc\&amp;quot;)</message>
  <nestedLevel>1</nestedLevel>
</record>
<record>
  <date>2019-09-13T11:48:10</date>
  <millis>1568393290883</millis>
  <sequence>36</sequence>
  <level>START</level>
  <class>com.kms.katalon.core.logging.XmlKeywordLogger</class>
  <method>startKeyword</method>
  <thread>1</thread>
  <message>Start action : setEncryptedText(findTestObject(\&amp;quot;Object Repository/input_Contrasea_txtPassword\&amp;quot;), \&amp;quot;aeHFOx8jV/A=\&amp;quot;)</message>
  <nestedLevel>1</nestedLevel>
  <property name="startLine">23</property>
  <property name="stepIndex">4</property>
</record>
<record>
  <date>2019-09-13T11:48:11</date>
  <millis>1568393291114</millis>
  <sequence>45</sequence>
  <level>PASSED</level>
  <class>com.kms.katalon.core.logging.XmlKeywordLogger</class>
  <method>logMessage</method>
  <thread>1</thread>
  <message>Text ****** has been set on object &amp;apos;Object Repository/input_Contrasea_txtPassword&amp;apos;</message>
  <nestedLevel>1</nestedLevel>
</record>
<record>
  <date>2019-09-13T11:48:11</date>
  <millis>1568393291114</millis>
  <sequence>46</sequence>
  <level>END</level>
  <class>com.kms.katalon.core.logging.XmlKeywordLogger</class>
  <method>endKeyword</method>
  <thread>1</thread>
  <message>End action : setEncryptedText(findTestObject(\&amp;quot;Object Repository/input_Contrasea_txtPassword\&amp;quot;), \&amp;quot;aeHFOx8jV/A=\&amp;quot;)</message>
  <nestedLevel>1</nestedLevel>
</record>
<record>
  <date>2019-09-13T11:48:11</date>
  <millis>1568393291114</millis>
  <sequence>47</sequence>
  <level>START</level>
  <class>com.kms.katalon.core.logging.XmlKeywordLogger</class>
  <method>startKeyword</method>
  <thread>1</thread>
  <message>Start action : click(findTestObject(\&amp;quot;Object Repository/input_Dominio_btnIngresar\&amp;quot;))</message>
  <nestedLevel>1</nestedLevel>
  <property name="startLine">25</property>
  <property name="stepIndex">5</property>
</record>
<record>
  <date>2019-09-13T11:48:11</date>
  <millis>1568393291423</millis>
  <sequence>54</sequence>
  <level>PASSED</level>
  <class>com.kms.katalon.core.logging.XmlKeywordLogger</class>
  <method>logMessage</method>
  <thread>1</thread>
  <message>Object: &amp;apos;Object Repository/input_Dominio_btnIngresar&amp;apos; is clicked on</message>
  <nestedLevel>1</nestedLevel>
</record>
<record>
  <date>2019-09-13T11:48:11</date>
  <millis>1568393291423</millis>
  <sequence>55</sequence>
  <level>END</level>
  <class>com.kms.katalon.core.logging.XmlKeywordLogger</class>
  <method>endKeyword</method>
  <thread>1</thread>
  <message>End action : click(findTestObject(\&amp;quot;Object Repository/input_Dominio_btnIngresar\&amp;quot;))</message>
  <nestedLevel>1</nestedLevel>
</record>
<record>
  <date>2019-09-13T11:48:11</date>
  <millis>1568393291424</millis>
  <sequence>56</sequence>
  <level>PASSED</level>
  <class>com.kms.katalon.core.logging.XmlKeywordLogger</class>
  <method>logMessage</method>
  <thread>1</thread>
  <message>Test Cases/IniciarSesion/IniciarSesion</message>
  <nestedLevel>1</nestedLevel>
</record>
<record>
  <date>2019-09-13T11:48:11</date>
  <millis>1568393291424</millis>
  <sequence>57</sequence>
  <level>END</level>
  <class>com.kms.katalon.core.logging.XmlKeywordLogger</class>
  <method>endTest</method>
  <thread>1</thread>
  <message>End Test Case : Test Cases/IniciarSesion/IniciarSesion</message>
  <nestedLevel>0</nestedLevel>
</record>
<record>
  <date>2019-09-13T11:48:11</date>
  <millis>1568393291431</millis>
  <sequence>58</sequence>
  <level>START</level>
  <class>com.kms.katalon.core.logging.XmlKeywordLogger</class>
  <method>startTest</method>
  <thread>1</thread>
  <message>Start Test Case : Test Cases/IniciarSesion/SeleccionarEmpresaServicio</message>
  <nestedLevel>1</nestedLevel>
  <property name="name">Test Cases/IniciarSesion/SeleccionarEmpresaServicio</property>
  <property name="description"></property>
  <property name="id">Test Cases/IniciarSesion/SeleccionarEmpresaServicio</property>
  <property name="source">E:\\TORO\\INTERGRUPO\\AUTOMATIZACION_PROYECTOS\\PROYECTOS\\EPM - Gaspar\\Gaspar_Epm_Katalon\\Test Cases\\IniciarSesion\\SeleccionarEmpresaServicio.tc</property>
  <property name="tag"></property>
  <property name="isOptional">false</property>
</record>
<record>
  <date>2019-09-13T11:48:11</date>
  <millis>1568393291679</millis>
  <sequence>60</sequence>
  <level>START</level>
  <class>com.kms.katalon.core.logging.XmlKeywordLogger</class>
  <method>startKeyword</method>
  <thread>1</thread>
  <message>Start action : selectOptionByValue(findTestObject(\&amp;quot;Object Repository/select_EPM\&amp;quot;), \&amp;quot;EPM\&amp;quot;, true)</message>
  <nestedLevel>1</nestedLevel>
  <property name="startLine">16</property>
  <property name="stepIndex">1</property>
</record>
<record>
  <date>2019-09-13T11:48:11</date>
  <millis>1568393291903</millis>
  <sequence>69</sequence>
  <level>PASSED</level>
  <class>com.kms.katalon.core.logging.XmlKeywordLogger</class>
  <method>logMessage</method>
  <thread>1</thread>
  <message>All options with value &amp;apos;EPM&amp;apos; are selected in object &amp;apos;Object Repository/select_EPM&amp;apos;  using regular expression</message>
  <nestedLevel>1</nestedLevel>
</record>
<record>
  <date>2019-09-13T11:48:11</date>
  <millis>1568393291903</millis>
  <sequence>70</sequence>
  <level>END</level>
  <class>com.kms.katalon.core.logging.XmlKeywordLogger</class>
  <method>endKeyword</method>
  <thread>1</thread>
  <message>End action : selectOptionByValue(findTestObject(\&amp;quot;Object Repository/select_EPM\&amp;quot;), \&amp;quot;EPM\&amp;quot;, true)</message>
  <nestedLevel>1</nestedLevel>
</record>
<record>
  <date>2019-09-13T11:48:11</date>
  <millis>1568393291904</millis>
  <sequence>71</sequence>
  <level>START</level>
  <class>com.kms.katalon.core.logging.XmlKeywordLogger</class>
  <method>startKeyword</method>
  <thread>1</thread>
  <message>Start action : selectOptionByValue(findTestObject(\&amp;quot;Page_GASPAR - Empresa y Servicio/select_GasRevisiones\&amp;quot;), \&amp;quot;Gas\&amp;quot;, true)</message>
  <nestedLevel>1</nestedLevel>
  <property name="startLine">18</property>
  <property name="stepIndex">2</property>
</record>
<record>
  <date>2019-09-13T11:48:12</date>
  <millis>1568393292114</millis>
  <sequence>80</sequence>
  <level>PASSED</level>
  <class>com.kms.katalon.core.logging.XmlKeywordLogger</class>
  <method>logMessage</method>
  <thread>1</thread>
  <message>All options with value &amp;apos;Gas&amp;apos; are selected in object &amp;apos;Object Repository/Page_GASPAR - Empresa y Servicio/select_GasRevisiones&amp;apos;  using regular expression</message>
  <nestedLevel>1</nestedLevel>
</record>
<record>
  <date>2019-09-13T11:48:12</date>
  <millis>1568393292114</millis>
  <sequence>81</sequence>
  <level>END</level>
  <class>com.kms.katalon.core.logging.XmlKeywordLogger</class>
  <method>endKeyword</method>
  <thread>1</thread>
  <message>End action : selectOptionByValue(findTestObject(\&amp;quot;Page_GASPAR - Empresa y Servicio/select_GasRevisiones\&amp;quot;), \&amp;quot;Gas\&amp;quot;, true)</message>
  <nestedLevel>1</nestedLevel>
</record>
<record>
  <date>2019-09-13T11:48:12</date>
  <millis>1568393292115</millis>
  <sequence>82</sequence>
  <level>START</level>
  <class>com.kms.katalon.core.logging.XmlKeywordLogger</class>
  <method>startKeyword</method>
  <thread>1</thread>
  <message>Start action : click(findTestObject(\&amp;quot;Object Repository/input_Servicio_btnAceptar\&amp;quot;))</message>
  <nestedLevel>1</nestedLevel>
  <property name="startLine">20</property>
  <property name="stepIndex">3</property>
</record>
<record>
  <date>2019-09-13T11:48:12</date>
  <millis>1568393292239</millis>
  <sequence>89</sequence>
  <level>PASSED</level>
  <class>com.kms.katalon.core.logging.XmlKeywordLogger</class>
  <method>logMessage</method>
  <thread>1</thread>
  <message>Object: &amp;apos;Object Repository/input_Servicio_btnAceptar&amp;apos; is clicked on</message>
  <nestedLevel>1</nestedLevel>
</record>
<record>
  <date>2019-09-13T11:48:12</date>
  <millis>1568393292239</millis>
  <sequence>90</sequence>
  <level>END</level>
  <class>com.kms.katalon.core.logging.XmlKeywordLogger</class>
  <method>endKeyword</method>
  <thread>1</thread>
  <message>End action : click(findTestObject(\&amp;quot;Object Repository/input_Servicio_btnAceptar\&amp;quot;))</message>
  <nestedLevel>1</nestedLevel>
</record>
<record>
  <date>2019-09-13T11:48:12</date>
  <millis>1568393292239</millis>
  <sequence>91</sequence>
  <level>PASSED</level>
  <class>com.kms.katalon.core.logging.XmlKeywordLogger</class>
  <method>logMessage</method>
  <thread>1</thread>
  <message>Test Cases/IniciarSesion/SeleccionarEmpresaServicio</message>
  <nestedLevel>1</nestedLevel>
</record>
<record>
  <date>2019-09-13T11:48:12</date>
  <millis>1568393292240</millis>
  <sequence>92</sequence>
  <level>END</level>
  <class>com.kms.katalon.core.logging.XmlKeywordLogger</class>
  <method>endTest</method>
  <thread>1</thread>
  <message>End Test Case : Test Cases/IniciarSesion/SeleccionarEmpresaServicio</message>
  <nestedLevel>0</nestedLevel>
</record>
<record>
  <date>2019-09-13T11:48:12</date>
  <millis>1568393292243</millis>
  <sequence>93</sequence>
  <level>START</level>
  <class>com.kms.katalon.core.logging.XmlKeywordLogger</class>
  <method>startTest</method>
  <thread>1</thread>
  <message>Start Test Case : Test Cases/Requerimientos/AccederMenu_Llamadas</message>
  <nestedLevel>1</nestedLevel>
  <property name="name">Test Cases/Requerimientos/AccederMenu_Llamadas</property>
  <property name="description"></property>
  <property name="id">Test Cases/Requerimientos/AccederMenu_Llamadas</property>
  <property name="source">E:\\TORO\\INTERGRUPO\\AUTOMATIZACION_PROYECTOS\\PROYECTOS\\EPM - Gaspar\\Gaspar_Epm_Katalon\\Test Cases\\Requerimientos\\AccederMenu_Llamadas.tc</property>
  <property name="tag"></property>
  <property name="isOptional">false</property>
</record>
<record>
  <date>2019-09-13T11:48:12</date>
  <millis>1568393292523</millis>
  <sequence>95</sequence>
  <level>START</level>
  <class>com.kms.katalon.core.logging.XmlKeywordLogger</class>
  <method>startKeyword</method>
  <thread>1</thread>
  <message>Start action : mouseOver(findTestObject(\&amp;quot;a_Llamadas\&amp;quot;))</message>
  <nestedLevel>1</nestedLevel>
  <property name="startLine">17</property>
  <property name="stepIndex">1</property>
</record>
<record>
  <date>2019-09-13T11:48:12</date>
  <millis>1568393292934</millis>
  <sequence>102</sequence>
  <level>PASSED</level>
  <class>com.kms.katalon.core.logging.XmlKeywordLogger</class>
  <method>logMessage</method>
  <thread>1</thread>
  <message>Object: &amp;apos;Object Repository/a_Llamadas&amp;apos; is hovered</message>
  <nestedLevel>1</nestedLevel>
</record>
<record>
  <date>2019-09-13T11:48:12</date>
  <millis>1568393292934</millis>
  <sequence>103</sequence>
  <level>END</level>
  <class>com.kms.katalon.core.logging.XmlKeywordLogger</class>
  <method>endKeyword</method>
  <thread>1</thread>
  <message>End action : mouseOver(findTestObject(\&amp;quot;a_Llamadas\&amp;quot;))</message>
  <nestedLevel>1</nestedLevel>
</record>
<record>
  <date>2019-09-13T11:48:12</date>
  <millis>1568393292935</millis>
  <sequence>104</sequence>
  <level>START</level>
  <class>com.kms.katalon.core.logging.XmlKeywordLogger</class>
  <method>startKeyword</method>
  <thread>1</thread>
  <message>Start action : waitForElementClickable(findTestObject(\&amp;quot;a_Llamadas\&amp;quot;), 10)</message>
  <nestedLevel>1</nestedLevel>
  <property name="startLine">19</property>
  <property name="stepIndex">2</property>
</record>
<record>
  <date>2019-09-13T11:48:13</date>
  <millis>1568393293050</millis>
  <sequence>111</sequence>
  <level>PASSED</level>
  <class>com.kms.katalon.core.logging.XmlKeywordLogger</class>
  <method>logMessage</method>
  <thread>1</thread>
  <message>Object &amp;apos;Object Repository/a_Llamadas&amp;apos; is clickable</message>
  <nestedLevel>1</nestedLevel>
</record>
<record>
  <date>2019-09-13T11:48:13</date>
  <millis>1568393293050</millis>
  <sequence>112</sequence>
  <level>END</level>
  <class>com.kms.katalon.core.logging.XmlKeywordLogger</class>
  <method>endKeyword</method>
  <thread>1</thread>
  <message>End action : waitForElementClickable(findTestObject(\&amp;quot;a_Llamadas\&amp;quot;), 10)</message>
  <nestedLevel>1</nestedLevel>
</record>
<record>
  <date>2019-09-13T11:48:13</date>
  <millis>1568393293051</millis>
  <sequence>113</sequence>
  <level>PASSED</level>
  <class>com.kms.katalon.core.logging.XmlKeywordLogger</class>
  <method>logMessage</method>
  <thread>1</thread>
  <message>Test Cases/Requerimientos/AccederMenu_Llamadas</message>
  <nestedLevel>1</nestedLevel>
</record>
<record>
  <date>2019-09-13T11:48:13</date>
  <millis>1568393293051</millis>
  <sequence>114</sequence>
  <level>END</level>
  <class>com.kms.katalon.core.logging.XmlKeywordLogger</class>
  <method>endTest</method>
  <thread>1</thread>
  <message>End Test Case : Test Cases/Requerimientos/AccederMenu_Llamadas</message>
  <nestedLevel>0</nestedLevel>
</record>
<record>
  <date>2019-09-13T11:48:13</date>
  <millis>1568393293054</millis>
  <sequence>115</sequence>
  <level>START</level>
  <class>com.kms.katalon.core.logging.XmlKeywordLogger</class>
  <method>startTest</method>
  <thread>1</thread>
  <message>Start Test Case : Test Cases/Requerimientos/AccederMenuRequerimientos</message>
  <nestedLevel>1</nestedLevel>
  <property name="name">Test Cases/Requerimientos/AccederMenuRequerimientos</property>
  <property name="description"></property>
  <property name="id">Test Cases/Requerimientos/AccederMenuRequerimientos</property>
  <property name="source">E:\\TORO\\INTERGRUPO\\AUTOMATIZACION_PROYECTOS\\PROYECTOS\\EPM - Gaspar\\Gaspar_Epm_Katalon\\Test Cases\\Requerimientos\\AccederMenuRequerimientos.tc</property>
  <property name="tag"></property>
  <property name="isOptional">false</property>
</record>
<record>
  <date>2019-09-13T11:48:13</date>
  <millis>1568393293285</millis>
  <sequence>117</sequence>
  <level>START</level>
  <class>com.kms.katalon.core.logging.XmlKeywordLogger</class>
  <method>startKeyword</method>
  <thread>1</thread>
  <message>Start action : click(findTestObject(\&amp;quot;Page_GASPAR - Recibir Llamadas/a_Crear Requerimiento\&amp;quot;))</message>
  <nestedLevel>1</nestedLevel>
  <property name="startLine">17</property>
  <property name="stepIndex">1</property>
</record>
<record>
  <date>2019-09-13T11:48:13</date>
  <millis>1568393293823</millis>
  <sequence>124</sequence>
  <level>PASSED</level>
  <class>com.kms.katalon.core.logging.XmlKeywordLogger</class>
  <method>logMessage</method>
  <thread>1</thread>
  <message>Object: &amp;apos;Object Repository/Page_GASPAR - Recibir Llamadas/a_Crear Requerimiento&amp;apos; is clicked on</message>
  <nestedLevel>1</nestedLevel>
</record>
<record>
  <date>2019-09-13T11:48:13</date>
  <millis>1568393293823</millis>
  <sequence>125</sequence>
  <level>END</level>
  <class>com.kms.katalon.core.logging.XmlKeywordLogger</class>
  <method>endKeyword</method>
  <thread>1</thread>
  <message>End action : click(findTestObject(\&amp;quot;Page_GASPAR - Recibir Llamadas/a_Crear Requerimiento\&amp;quot;))</message>
  <nestedLevel>1</nestedLevel>
</record>
<record>
  <date>2019-09-13T11:48:13</date>
  <millis>1568393293824</millis>
  <sequence>126</sequence>
  <level>START</level>
  <class>com.kms.katalon.core.logging.XmlKeywordLogger</class>
  <method>startKeyword</method>
  <thread>1</thread>
  <message>Start action : delay(5)</message>
  <nestedLevel>1</nestedLevel>
  <property name="startLine">19</property>
  <property name="stepIndex">2</property>
</record>
<record>
  <date>2019-09-13T11:48:18</date>
  <millis>1568393298854</millis>
  <sequence>128</sequence>
  <level>PASSED</level>
  <class>com.kms.katalon.core.logging.XmlKeywordLogger</class>
  <method>logMessage</method>
  <thread>1</thread>
  <message>Delayed 5 second(s)</message>
  <nestedLevel>1</nestedLevel>
</record>
<record>
  <date>2019-09-13T11:48:18</date>
  <millis>1568393298854</millis>
  <sequence>129</sequence>
  <level>END</level>
  <class>com.kms.katalon.core.logging.XmlKeywordLogger</class>
  <method>endKeyword</method>
  <thread>1</thread>
  <message>End action : delay(5)</message>
  <nestedLevel>1</nestedLevel>
</record>
<record>
  <date>2019-09-13T11:48:18</date>
  <millis>1568393298854</millis>
  <sequence>130</sequence>
  <level>PASSED</level>
  <class>com.kms.katalon.core.logging.XmlKeywordLogger</class>
  <method>logMessage</method>
  <thread>1</thread>
  <message>Test Cases/Requerimientos/AccederMenuRequerimientos</message>
  <nestedLevel>1</nestedLevel>
</record>
<record>
  <date>2019-09-13T11:48:18</date>
  <millis>1568393298855</millis>
  <sequence>131</sequence>
  <level>END</level>
  <class>com.kms.katalon.core.logging.XmlKeywordLogger</class>
  <method>endTest</method>
  <thread>1</thread>
  <message>End Test Case : Test Cases/Requerimientos/AccederMenuRequerimientos</message>
  <nestedLevel>0</nestedLevel>
</record>
<record>
  <date>2019-09-13T11:48:18</date>
  <millis>1568393298859</millis>
  <sequence>132</sequence>
  <level>START</level>
  <class>com.kms.katalon.core.logging.XmlKeywordLogger</class>
  <method>startTest</method>
  <thread>1</thread>
  <message>Start Test Case : Test Cases/Requerimientos/ConsultarNumeroInstalacion</message>
  <nestedLevel>1</nestedLevel>
  <property name="name">Test Cases/Requerimientos/ConsultarNumeroInstalacion</property>
  <property name="description"></property>
  <property name="id">Test Cases/Requerimientos/ConsultarNumeroInstalacion</property>
  <property name="source">E:\\TORO\\INTERGRUPO\\AUTOMATIZACION_PROYECTOS\\PROYECTOS\\EPM - Gaspar\\Gaspar_Epm_Katalon\\Test Cases\\Requerimientos\\ConsultarNumeroInstalacion.tc</property>
  <property name="tag"></property>
  <property name="isOptional">false</property>
</record>
<record>
  <date>2019-09-13T11:48:19</date>
  <millis>1568393299110</millis>
  <sequence>134</sequence>
  <level>START</level>
  <class>com.kms.katalon.core.logging.XmlKeywordLogger</class>
  <method>startKeyword</method>
  <thread>1</thread>
  <message>Start action : setText(findTestObject(\&amp;quot;Object Repository/input_Nmero Instalacin_ctl00cphContenidotextNombreInstalacion\&amp;quot;), \&amp;quot;054814006000320203\&amp;quot;)</message>
  <nestedLevel>1</nestedLevel>
  <property name="startLine">16</property>
  <property name="stepIndex">1</property>
</record>
<record>
  <date>2019-09-13T11:48:19</date>
  <millis>1568393299344</millis>
  <sequence>143</sequence>
  <level>PASSED</level>
  <class>com.kms.katalon.core.logging.XmlKeywordLogger</class>
  <method>logMessage</method>
  <thread>1</thread>
  <message>Text &amp;apos;054814006000320203&amp;apos; is set on object &amp;apos;Object Repository/input_Nmero Instalacin_ctl00cphContenidotextNombreInstalacion&amp;apos;</message>
  <nestedLevel>1</nestedLevel>
</record>
<record>
  <date>2019-09-13T11:48:19</date>
  <millis>1568393299345</millis>
  <sequence>144</sequence>
  <level>END</level>
  <class>com.kms.katalon.core.logging.XmlKeywordLogger</class>
  <method>endKeyword</method>
  <thread>1</thread>
  <message>End action : setText(findTestObject(\&amp;quot;Object Repository/input_Nmero Instalacin_ctl00cphContenidotextNombreInstalacion\&amp;quot;), \&amp;quot;054814006000320203\&amp;quot;)</message>
  <nestedLevel>1</nestedLevel>
</record>
<record>
  <date>2019-09-13T11:48:19</date>
  <millis>1568393299345</millis>
  <sequence>145</sequence>
  <level>START</level>
  <class>com.kms.katalon.core.logging.XmlKeywordLogger</class>
  <method>startKeyword</method>
  <thread>1</thread>
  <message>Start action : click(findTestObject(\&amp;quot;Object Repository/input_Rural_ctl00cphContenidobotonConsultar\&amp;quot;))</message>
  <nestedLevel>1</nestedLevel>
  <property name="startLine">18</property>
  <property name="stepIndex">2</property>
</record>
<record>
  <date>2019-09-13T11:48:20</date>
  <millis>1568393300422</millis>
  <sequence>152</sequence>
  <level>PASSED</level>
  <class>com.kms.katalon.core.logging.XmlKeywordLogger</class>
  <method>logMessage</method>
  <thread>1</thread>
  <message>Object: &amp;apos;Object Repository/input_Rural_ctl00cphContenidobotonConsultar&amp;apos; is clicked on</message>
  <nestedLevel>1</nestedLevel>
</record>
<record>
  <date>2019-09-13T11:48:20</date>
  <millis>1568393300423</millis>
  <sequence>153</sequence>
  <level>END</level>
  <class>com.kms.katalon.core.logging.XmlKeywordLogger</class>
  <method>endKeyword</method>
  <thread>1</thread>
  <message>End action : click(findTestObject(\&amp;quot;Object Repository/input_Rural_ctl00cphContenidobotonConsultar\&amp;quot;))</message>
  <nestedLevel>1</nestedLevel>
</record>
<record>
  <date>2019-09-13T11:48:20</date>
  <millis>1568393300423</millis>
  <sequence>154</sequence>
  <level>START</level>
  <class>com.kms.katalon.core.logging.XmlKeywordLogger</class>
  <method>startKeyword</method>
  <thread>1</thread>
  <message>Start action : click(findTestObject(\&amp;quot;Object Repository/input_Fecha ltima Revisin Peridica_ctl00cphContenidobotonCrearSolicitud\&amp;quot;))</message>
  <nestedLevel>1</nestedLevel>
  <property name="startLine">20</property>
  <property name="stepIndex">3</property>
</record>
<record>
  <date>2019-09-13T11:48:20</date>
  <millis>1568393300959</millis>
  <sequence>161</sequence>
  <level>PASSED</level>
  <class>com.kms.katalon.core.logging.XmlKeywordLogger</class>
  <method>logMessage</method>
  <thread>1</thread>
  <message>Object: &amp;apos;Object Repository/input_Fecha ltima Revisin Peridica_ctl00cphContenidobotonCrearSolicitud&amp;apos; is clicked on</message>
  <nestedLevel>1</nestedLevel>
</record>
<record>
  <date>2019-09-13T11:48:20</date>
  <millis>1568393300959</millis>
  <sequence>162</sequence>
  <level>END</level>
  <class>com.kms.katalon.core.logging.XmlKeywordLogger</class>
  <method>endKeyword</method>
  <thread>1</thread>
  <message>End action : click(findTestObject(\&amp;quot;Object Repository/input_Fecha ltima Revisin Peridica_ctl00cphContenidobotonCrearSolicitud\&amp;quot;))</message>
  <nestedLevel>1</nestedLevel>
</record>
<record>
  <date>2019-09-13T11:48:20</date>
  <millis>1568393300959</millis>
  <sequence>163</sequence>
  <level>PASSED</level>
  <class>com.kms.katalon.core.logging.XmlKeywordLogger</class>
  <method>logMessage</method>
  <thread>1</thread>
  <message>Test Cases/Requerimientos/ConsultarNumeroInstalacion</message>
  <nestedLevel>1</nestedLevel>
</record>
<record>
  <date>2019-09-13T11:48:20</date>
  <millis>1568393300960</millis>
  <sequence>164</sequence>
  <level>END</level>
  <class>com.kms.katalon.core.logging.XmlKeywordLogger</class>
  <method>endTest</method>
  <thread>1</thread>
  <message>End Test Case : Test Cases/Requerimientos/ConsultarNumeroInstalacion</message>
  <nestedLevel>0</nestedLevel>
</record>
<record>
  <date>2019-09-13T11:48:20</date>
  <millis>1568393300964</millis>
  <sequence>165</sequence>
  <level>START</level>
  <class>com.kms.katalon.core.logging.XmlKeywordLogger</class>
  <method>startTest</method>
  <thread>1</thread>
  <message>Start Test Case : Test Cases/Requerimientos/Requerimiento_CrearSolicitud/LlenarInformacion</message>
  <nestedLevel>1</nestedLevel>
  <property name="name">Test Cases/Requerimientos/Requerimiento_CrearSolicitud/LlenarInformacion</property>
  <property name="description"></property>
  <property name="id">Test Cases/Requerimientos/Requerimiento_CrearSolicitud/LlenarInformacion</property>
  <property name="source">E:\\TORO\\INTERGRUPO\\AUTOMATIZACION_PROYECTOS\\PROYECTOS\\EPM - Gaspar\\Gaspar_Epm_Katalon\\Test Cases\\Requerimientos\\Requerimiento_CrearSolicitud\\LlenarInformacion.tc</property>
  <property name="tag"></property>
  <property name="isOptional">false</property>
</record>
<record>
  <date>2019-09-13T11:48:21</date>
  <millis>1568393301247</millis>
  <sequence>167</sequence>
  <level>START</level>
  <class>com.kms.katalon.core.logging.XmlKeywordLogger</class>
  <method>startKeyword</method>
  <thread>1</thread>
  <message>Start action : robot = new java.awt.Robot()</message>
  <nestedLevel>1</nestedLevel>
  <property name="startLine">25</property>
  <property name="stepIndex">1</property>
</record>
<record>
  <date>2019-09-13T11:48:21</date>
  <millis>1568393301297</millis>
  <sequence>168</sequence>
  <level>END</level>
  <class>com.kms.katalon.core.logging.XmlKeywordLogger</class>
  <method>endKeyword</method>
  <thread>1</thread>
  <message>End action : robot = new java.awt.Robot()</message>
  <nestedLevel>1</nestedLevel>
</record>
<record>
  <date>2019-09-13T11:48:21</date>
  <millis>1568393301297</millis>
  <sequence>169</sequence>
  <level>START</level>
  <class>com.kms.katalon.core.logging.XmlKeywordLogger</class>
  <method>startKeyword</method>
  <thread>1</thread>
  <message>Start action : sendKeys(findTestObject(\&amp;quot;Object Repository/Page_GASPAR - Crear Requerimiento/Contenedor1_SeleccionarCodigo\&amp;quot;), Keys.chord(ENTER))</message>
  <nestedLevel>1</nestedLevel>
  <property name="startLine">27</property>
  <property name="stepIndex">2</property>
</record>
<record>
  <date>2019-09-13T11:48:21</date>
  <millis>1568393301456</millis>
  <sequence>175</sequence>
  <level>PASSED</level>
  <class>com.kms.katalon.core.logging.XmlKeywordLogger</class>
  <method>logMessage</method>
  <thread>1</thread>
  <message>Keys &amp;apos;ENTER + &amp;apos; sent to object: &amp;apos;Object Repository/Page_GASPAR - Crear Requerimiento/Contenedor1_SeleccionarCodigo&amp;apos;</message>
  <nestedLevel>1</nestedLevel>
</record>
<record>
  <date>2019-09-13T11:48:21</date>
  <millis>1568393301456</millis>
  <sequence>176</sequence>
  <level>END</level>
  <class>com.kms.katalon.core.logging.XmlKeywordLogger</class>
  <method>endKeyword</method>
  <thread>1</thread>
  <message>End action : sendKeys(findTestObject(\&amp;quot;Object Repository/Page_GASPAR - Crear Requerimiento/Contenedor1_SeleccionarCodigo\&amp;quot;), Keys.chord(ENTER))</message>
  <nestedLevel>1</nestedLevel>
</record>
<record>
  <date>2019-09-13T11:48:21</date>
  <millis>1568393301457</millis>
  <sequence>177</sequence>
  <level>START</level>
  <class>com.kms.katalon.core.logging.XmlKeywordLogger</class>
  <method>startKeyword</method>
  <thread>1</thread>
  <message>Start action : for (def index : (1..6))</message>
  <nestedLevel>1</nestedLevel>
  <property name="startLine">29</property>
  <property name="stepIndex">3</property>
</record>
<record>
  <date>2019-09-13T11:48:21</date>
  <millis>1568393301470</millis>
  <sequence>178</sequence>
  <level>START</level>
  <class>com.kms.katalon.core.logging.XmlKeywordLogger</class>
  <method>startKeyword</method>
  <thread>1</thread>
  <message>Start action : robot.keyPress(VK_ARROW_DOWN)</message>
  <nestedLevel>2</nestedLevel>
  <property name="startLine">30</property>
  <property name="stepIndex">1</property>
</record>
<record>
  <date>2019-09-13T11:48:21</date>
  <millis>1568393301489</millis>
  <sequence>179</sequence>
  <level>END</level>
  <class>com.kms.katalon.core.logging.XmlKeywordLogger</class>
  <method>endKeyword</method>
  <thread>1</thread>
  <message>End action : robot.keyPress(VK_ARROW_DOWN)</message>
  <nestedLevel>2</nestedLevel>
</record>
<record>
  <date>2019-09-13T11:48:21</date>
  <millis>1568393301489</millis>
  <sequence>180</sequence>
  <level>END</level>
  <class>com.kms.katalon.core.logging.XmlKeywordLogger</class>
  <method>endKeyword</method>
  <thread>1</thread>
  <message>End action : for (def index : (1..6))</message>
  <nestedLevel>1</nestedLevel>
</record>
<record>
  <date>2019-09-13T11:48:21</date>
  <millis>1568393301507</millis>
  <sequence>182</sequence>
  <level>ERROR</level>
  <class>com.kms.katalon.core.logging.XmlKeywordLogger</class>
  <method>logMessage</method>
  <thread>1</thread>
  <message>Test Cases/Requerimientos/Requerimiento_CrearSolicitud/LlenarInformacion FAILED.\nReason:\ngroovy.lang.MissingPropertyException: No such property: VK_ARROW_DOWN for class: java.awt.event.KeyEvent\r\n\tat LlenarInformacion.run(LlenarInformacion:30)\r\n\tat com.kms.katalon.core.main.ScriptEngine.run(ScriptEngine.java:194)\r\n\tat com.kms.katalon.core.main.ScriptEngine.runScriptAsRawText(ScriptEngine.java:119)\r\n\tat com.kms.katalon.core.main.TestCaseExecutor.runScript(TestCaseExecutor.java:337)\r\n\tat com.kms.katalon.core.main.TestCaseExecutor.doExecute(TestCaseExecutor.java:328)\r\n\tat com.kms.katalon.core.main.TestCaseExecutor.processExecutionPhase(TestCaseExecutor.java:307)\r\n\tat com.kms.katalon.core.main.TestCaseExecutor.accessMainPhase(TestCaseExecutor.java:299)\r\n\tat com.kms.katalon.core.main.TestCaseExecutor.execute(TestCaseExecutor.java:233)\r\n\tat com.kms.katalon.core.main.TestSuiteExecutor.accessTestCaseMainPhase(TestSuiteExecutor.java:150)\r\n\tat com.kms.katalon.core.main.TestSuiteExecutor.accessTestSuiteMainPhase(TestSuiteExecutor.java:123)\r\n\tat com.kms.katalon.core.main.TestSuiteExecutor.execute(TestSuiteExecutor.java:87)\r\n\tat com.kms.katalon.core.main.TestCaseMain.startTestSuite(TestCaseMain.java:157)\r\n\tat com.kms.katalon.core.main.TestCaseMain$startTestSuite$0.call(Unknown Source)\r\n\tat TempTestSuite1568393281202.run(TempTestSuite1568393281202.groovy:35)\r\n</message>
  <exception>
    <message>groovy.lang.MissingPropertyException: No such property: VK_ARROW_DOWN for class: java.awt.event.KeyEvent</message>
    <frame>
      <class>LlenarInformacion</class>
      <method>run</method>
      <line>30</line>
    </frame>
    <frame>
      <class>com.kms.katalon.core.main.ScriptEngine</class>
      <method>run</method>
      <line>194</line>
    </frame>
    <frame>
      <class>com.kms.katalon.core.main.ScriptEngine</class>
      <method>runScriptAsRawText</method>
      <line>119</line>
    </frame>
    <frame>
      <class>com.kms.katalon.core.main.TestCaseExecutor</class>
      <method>runScript</method>
      <line>337</line>
    </frame>
    <frame>
      <class>com.kms.katalon.core.main.TestCaseExecutor</class>
      <method>doExecute</method>
      <line>328</line>
    </frame>
    <frame>
      <class>com.kms.katalon.core.main.TestCaseExecutor</class>
      <method>processExecutionPhase</method>
      <line>307</line>
    </frame>
    <frame>
      <class>com.kms.katalon.core.main.TestCaseExecutor</class>
      <method>accessMainPhase</method>
      <line>299</line>
    </frame>
    <frame>
      <class>com.kms.katalon.core.main.TestCaseExecutor</class>
      <method>execute</method>
      <line>233</line>
    </frame>
    <frame>
      <class>com.kms.katalon.core.main.TestSuiteExecutor</class>
      <method>accessTestCaseMainPhase</method>
      <line>150</line>
    </frame>
    <frame>
      <class>com.kms.katalon.core.main.TestSuiteExecutor</class>
      <method>accessTestSuiteMainPhase</method>
      <line>123</line>
    </frame>
    <frame>
      <class>com.kms.katalon.core.main.TestSuiteExecutor</class>
      <method>execute</method>
      <line>87</line>
    </frame>
    <frame>
      <class>com.kms.katalon.core.main.TestCaseMain</class>
      <method>startTestSuite</method>
      <line>157</line>
    </frame>
    <frame>
      <class>com.kms.katalon.core.main.TestCaseMain$startTestSuite$0</class>
      <method>call</method>
    </frame>
    <frame>
      <class>TempTestSuite1568393281202</class>
      <method>run</method>
      <line>35</line>
    </frame>
  </exception>
  <nestedLevel>0</nestedLevel>
  <property name="failed.exception.stacktrace">groovy.lang.MissingPropertyException: No such property: VK_ARROW_DOWN for class: java.awt.event.KeyEvent\r\n\tat LlenarInformacion.run(LlenarInformacion:30)\r\n\tat com.kms.katalon.core.main.ScriptEngine.run(ScriptEngine.java:194)\r\n\tat com.kms.katalon.core.main.ScriptEngine.runScriptAsRawText(ScriptEngine.java:119)\r\n\tat com.kms.katalon.core.main.TestCaseExecutor.runScript(TestCaseExecutor.java:337)\r\n\tat com.kms.katalon.core.main.TestCaseExecutor.doExecute(TestCaseExecutor.java:328)\r\n\tat com.kms.katalon.core.main.TestCaseExecutor.processExecutionPhase(TestCaseExecutor.java:307)\r\n\tat com.kms.katalon.core.main.TestCaseExecutor.accessMainPhase(TestCaseExecutor.java:299)\r\n\tat com.kms.katalon.core.main.TestCaseExecutor.execute(TestCaseExecutor.java:233)\r\n\tat com.kms.katalon.core.main.TestSuiteExecutor.accessTestCaseMainPhase(TestSuiteExecutor.java:150)\r\n\tat com.kms.katalon.core.main.TestSuiteExecutor.accessTestSuiteMainPhase(TestSuiteExecutor.java:123)\r\n\tat com.kms.katalon.core.main.TestSuiteExecutor.execute(TestSuiteExecutor.java:87)\r\n\tat com.kms.katalon.core.main.TestCaseMain.startTestSuite(TestCaseMain.java:157)\r\n\tat com.kms.katalon.core.main.TestCaseMain$startTestSuite$0.call(Unknown Source)\r\n\tat TempTestSuite1568393281202.run(TempTestSuite1568393281202.groovy:35)\r\n</property>
  <property name="failed.exception.class">groovy.lang.MissingPropertyException</property>
  <property name="failed.exception.message">No such property: VK_ARROW_DOWN for class: java.awt.event.KeyEvent</property>
</record>
<record>
  <date>2019-09-13T11:48:21</date>
  <millis>1568393301511</millis>
  <sequence>184</sequence>
  <level>END</level>
  <class>com.kms.katalon.core.logging.XmlKeywordLogger</class>
  <method>endTest</method>
  <thread>1</thread>
  <message>End Test Case : Test Cases/Requerimientos/Requerimiento_CrearSolicitud/LlenarInformacion</message>
  <nestedLevel>0</nestedLevel>
</record>
<record>
  <date>2019-09-13T11:48:22</date>
  <millis>1568393302470</millis>
  <sequence>185</sequence>
  <level>END</level>
  <class>com.kms.katalon.core.logging.XmlKeywordLogger</class>
  <method>endSuite</method>
  <thread>1</thread>
  <message>End Test Suite : Test Suites/Requerimientos_FlujoCompleto/EjecucionCompleto_CreacionCancelacion</message>
  <nestedLevel>0</nestedLevel>
</record>
</log>
