<?xml version="1.0" encoding="UTF-8" standalone="no"?>
<!DOCTYPE log SYSTEM "logger.dtd">
<log>
<record>
  <date>2019-09-12T08:24:38</date>
  <millis>1568294678271</millis>
  <sequence>0</sequence>
  <level>START</level>
  <class>com.kms.katalon.core.logging.XmlKeywordLogger</class>
  <method>startSuite</method>
  <thread>1</thread>
  <message>Start Test Suite : Test Suites/CaminoFeliz/FlujoCompleto</message>
  <nestedLevel>0</nestedLevel>
  <property name="name">FlujoCompleto</property>
  <property name="description">1.Inicia Sesion\r\n2. Consulta por Numero de Incidente\r\n3. Crea un Requerimiento\r\n4. Cancela el requerimiento Creado</property>
  <property name="id">Test Suites/CaminoFeliz/FlujoCompleto</property>
</record>
<record>
  <date>2019-09-12T08:24:38</date>
  <millis>1568294678287</millis>
  <sequence>1</sequence>
  <level>RUN_DATA</level>
  <class>com.kms.katalon.core.logging.XmlKeywordLogger</class>
  <method>logMessage</method>
  <thread>1</thread>
  <message>hostName = Ltoroc - P-Ltoroc.intergrupo.com</message>
  <nestedLevel>0</nestedLevel>
  <property name="hostName">Ltoroc - P-Ltoroc.intergrupo.com</property>
</record>
<record>
  <date>2019-09-12T08:24:38</date>
  <millis>1568294678288</millis>
  <sequence>2</sequence>
  <level>RUN_DATA</level>
  <class>com.kms.katalon.core.logging.XmlKeywordLogger</class>
  <method>logMessage</method>
  <thread>1</thread>
  <message>os = Windows 10 32bit</message>
  <nestedLevel>0</nestedLevel>
  <property name="os">Windows 10 32bit</property>
</record>
<record>
  <date>2019-09-12T08:24:38</date>
  <millis>1568294678288</millis>
  <sequence>3</sequence>
  <level>RUN_DATA</level>
  <class>com.kms.katalon.core.logging.XmlKeywordLogger</class>
  <method>logMessage</method>
  <thread>1</thread>
  <message>hostAddress = 192.168.0.14</message>
  <nestedLevel>0</nestedLevel>
  <property name="hostAddress">192.168.0.14</property>
</record>
<record>
  <date>2019-09-12T08:24:38</date>
  <millis>1568294678290</millis>
  <sequence>4</sequence>
  <level>RUN_DATA</level>
  <class>com.kms.katalon.core.logging.XmlKeywordLogger</class>
  <method>logMessage</method>
  <thread>1</thread>
  <message>katalonVersion = 6.3.0.1</message>
  <nestedLevel>0</nestedLevel>
  <property name="katalonVersion">6.3.0.1</property>
</record>
<record>
  <date>2019-09-12T08:24:38</date>
  <millis>1568294678516</millis>
  <sequence>5</sequence>
  <level>START</level>
  <class>com.kms.katalon.core.logging.XmlKeywordLogger</class>
  <method>startTest</method>
  <thread>1</thread>
  <message>Start Test Case : Test Cases/IniciarSesion/IniciarSesion</message>
  <nestedLevel>1</nestedLevel>
  <property name="name">Test Cases/IniciarSesion/IniciarSesion</property>
  <property name="description"></property>
  <property name="id">Test Cases/IniciarSesion/IniciarSesion</property>
  <property name="source">E:\\TORO\\INTERGRUPO\\AUTOMATIZACION_PROYECTOS\\PROYECTOS\\EPM - Gaspar\\Gaspar_Epm_Katalon\\Test Cases\\IniciarSesion\\IniciarSesion.tc</property>
  <property name="tag"></property>
  <property name="isOptional">false</property>
</record>
<record>
  <date>2019-09-12T08:24:39</date>
  <millis>1568294679049</millis>
  <sequence>7</sequence>
  <level>START</level>
  <class>com.kms.katalon.core.logging.XmlKeywordLogger</class>
  <method>startKeyword</method>
  <thread>1</thread>
  <message>Start action : openBrowser(\&amp;quot;\&amp;quot;)</message>
  <nestedLevel>1</nestedLevel>
  <property name="startLine">17</property>
  <property name="stepIndex">1</property>
</record>
<record>
  <date>2019-09-12T08:24:39</date>
  <millis>1568294679389</millis>
  <sequence>9</sequence>
  <level>INFO</level>
  <class>com.kms.katalon.core.logging.XmlKeywordLogger</class>
  <method>logMessage</method>
  <thread>1</thread>
  <message>Starting &amp;apos;Chrome&amp;apos; driver</message>
  <nestedLevel>1</nestedLevel>
</record>
<record>
  <date>2019-09-12T08:24:39</date>
  <millis>1568294679432</millis>
  <sequence>11</sequence>
  <level>INFO</level>
  <class>com.kms.katalon.core.logging.XmlKeywordLogger</class>
  <method>logMessage</method>
  <thread>1</thread>
  <message>Action delay is set to 0 seconds</message>
  <nestedLevel>1</nestedLevel>
</record>
<record>
  <date>2019-09-12T08:24:43</date>
  <millis>1568294683750</millis>
  <sequence>13</sequence>
  <level>RUN_DATA</level>
  <class>com.kms.katalon.core.logging.XmlKeywordLogger</class>
  <method>logMessage</method>
  <thread>1</thread>
  <message>sessionId = 5cc84cdaa2ba57a508506b4c405987ad</message>
  <nestedLevel>1</nestedLevel>
  <property name="sessionId">5cc84cdaa2ba57a508506b4c405987ad</property>
</record>
<record>
  <date>2019-09-12T08:24:43</date>
  <millis>1568294683842</millis>
  <sequence>14</sequence>
  <level>RUN_DATA</level>
  <class>com.kms.katalon.core.logging.XmlKeywordLogger</class>
  <method>logMessage</method>
  <thread>1</thread>
  <message>browser = Chrome 76.0.3809.132</message>
  <nestedLevel>1</nestedLevel>
  <property name="browser">Chrome 76.0.3809.132</property>
</record>
<record>
  <date>2019-09-12T08:24:43</date>
  <millis>1568294683842</millis>
  <sequence>15</sequence>
  <level>RUN_DATA</level>
  <class>com.kms.katalon.core.logging.XmlKeywordLogger</class>
  <method>logMessage</method>
  <thread>1</thread>
  <message>platform = Windows 10</message>
  <nestedLevel>1</nestedLevel>
  <property name="platform">Windows 10</property>
</record>
<record>
  <date>2019-09-12T08:24:43</date>
  <millis>1568294683844</millis>
  <sequence>16</sequence>
  <level>RUN_DATA</level>
  <class>com.kms.katalon.core.logging.XmlKeywordLogger</class>
  <method>logMessage</method>
  <thread>1</thread>
  <message>seleniumVersion = 3.141.59</message>
  <nestedLevel>1</nestedLevel>
  <property name="seleniumVersion">3.141.59</property>
</record>
<record>
  <date>2019-09-12T08:24:43</date>
  <millis>1568294683845</millis>
  <sequence>17</sequence>
  <level>RUN_DATA</level>
  <class>com.kms.katalon.core.logging.XmlKeywordLogger</class>
  <method>logMessage</method>
  <thread>1</thread>
  <message>proxyInformation = ProxyInformation{proxyOption=NO_PROXY, proxyServerType=HTTP, password=, proxyServerAddress=, proxyServerPort=0}</message>
  <nestedLevel>1</nestedLevel>
  <property name="proxyInformation">ProxyInformation{proxyOption=NO_PROXY, proxyServerType=HTTP, password=, proxyServerAddress=, proxyServerPort=0}</property>
</record>
<record>
  <date>2019-09-12T08:24:43</date>
  <millis>1568294683845</millis>
  <sequence>18</sequence>
  <level>PASSED</level>
  <class>com.kms.katalon.core.logging.XmlKeywordLogger</class>
  <method>logMessage</method>
  <thread>1</thread>
  <message>Browser is opened with url: &amp;apos;&amp;apos;</message>
  <nestedLevel>1</nestedLevel>
</record>
<record>
  <date>2019-09-12T08:24:43</date>
  <millis>1568294683846</millis>
  <sequence>19</sequence>
  <level>END</level>
  <class>com.kms.katalon.core.logging.XmlKeywordLogger</class>
  <method>endKeyword</method>
  <thread>1</thread>
  <message>End action : openBrowser(\&amp;quot;\&amp;quot;)</message>
  <nestedLevel>1</nestedLevel>
</record>
<record>
  <date>2019-09-12T08:24:43</date>
  <millis>1568294683847</millis>
  <sequence>20</sequence>
  <level>START</level>
  <class>com.kms.katalon.core.logging.XmlKeywordLogger</class>
  <method>startKeyword</method>
  <thread>1</thread>
  <message>Start action : navigateToUrl(\&amp;quot;https://smdepbwws01v.intergrupo.com/EpmGaspar/Seguridad/Login.aspx\&amp;quot;)</message>
  <nestedLevel>1</nestedLevel>
  <property name="startLine">19</property>
  <property name="stepIndex">2</property>
</record>
<record>
  <date>2019-09-12T08:24:45</date>
  <millis>1568294685359</millis>
  <sequence>23</sequence>
  <level>PASSED</level>
  <class>com.kms.katalon.core.logging.XmlKeywordLogger</class>
  <method>logMessage</method>
  <thread>1</thread>
  <message>Navigate to &amp;apos;https://smdepbwws01v.intergrupo.com/EpmGaspar/Seguridad/Login.aspx&amp;apos; successfully</message>
  <nestedLevel>1</nestedLevel>
</record>
<record>
  <date>2019-09-12T08:24:45</date>
  <millis>1568294685359</millis>
  <sequence>24</sequence>
  <level>END</level>
  <class>com.kms.katalon.core.logging.XmlKeywordLogger</class>
  <method>endKeyword</method>
  <thread>1</thread>
  <message>End action : navigateToUrl(\&amp;quot;https://smdepbwws01v.intergrupo.com/EpmGaspar/Seguridad/Login.aspx\&amp;quot;)</message>
  <nestedLevel>1</nestedLevel>
</record>
<record>
  <date>2019-09-12T08:24:45</date>
  <millis>1568294685359</millis>
  <sequence>25</sequence>
  <level>START</level>
  <class>com.kms.katalon.core.logging.XmlKeywordLogger</class>
  <method>startKeyword</method>
  <thread>1</thread>
  <message>Start action : setText(findTestObject(\&amp;quot;Object Repository/input_Usuario_txtUsuario\&amp;quot;), \&amp;quot;Ltoroc\&amp;quot;)</message>
  <nestedLevel>1</nestedLevel>
  <property name="startLine">21</property>
  <property name="stepIndex">3</property>
</record>
<record>
  <date>2019-09-12T08:24:45</date>
  <millis>1568294685737</millis>
  <sequence>34</sequence>
  <level>PASSED</level>
  <class>com.kms.katalon.core.logging.XmlKeywordLogger</class>
  <method>logMessage</method>
  <thread>1</thread>
  <message>Text &amp;apos;Ltoroc&amp;apos; is set on object &amp;apos;Object Repository/input_Usuario_txtUsuario&amp;apos;</message>
  <nestedLevel>1</nestedLevel>
</record>
<record>
  <date>2019-09-12T08:24:45</date>
  <millis>1568294685738</millis>
  <sequence>35</sequence>
  <level>END</level>
  <class>com.kms.katalon.core.logging.XmlKeywordLogger</class>
  <method>endKeyword</method>
  <thread>1</thread>
  <message>End action : setText(findTestObject(\&amp;quot;Object Repository/input_Usuario_txtUsuario\&amp;quot;), \&amp;quot;Ltoroc\&amp;quot;)</message>
  <nestedLevel>1</nestedLevel>
</record>
<record>
  <date>2019-09-12T08:24:45</date>
  <millis>1568294685738</millis>
  <sequence>36</sequence>
  <level>START</level>
  <class>com.kms.katalon.core.logging.XmlKeywordLogger</class>
  <method>startKeyword</method>
  <thread>1</thread>
  <message>Start action : setEncryptedText(findTestObject(\&amp;quot;Object Repository/input_Contrasea_txtPassword\&amp;quot;), \&amp;quot;aeHFOx8jV/A=\&amp;quot;)</message>
  <nestedLevel>1</nestedLevel>
  <property name="startLine">23</property>
  <property name="stepIndex">4</property>
</record>
<record>
  <date>2019-09-12T08:24:46</date>
  <millis>1568294686027</millis>
  <sequence>45</sequence>
  <level>PASSED</level>
  <class>com.kms.katalon.core.logging.XmlKeywordLogger</class>
  <method>logMessage</method>
  <thread>1</thread>
  <message>Text ****** has been set on object &amp;apos;Object Repository/input_Contrasea_txtPassword&amp;apos;</message>
  <nestedLevel>1</nestedLevel>
</record>
<record>
  <date>2019-09-12T08:24:46</date>
  <millis>1568294686027</millis>
  <sequence>46</sequence>
  <level>END</level>
  <class>com.kms.katalon.core.logging.XmlKeywordLogger</class>
  <method>endKeyword</method>
  <thread>1</thread>
  <message>End action : setEncryptedText(findTestObject(\&amp;quot;Object Repository/input_Contrasea_txtPassword\&amp;quot;), \&amp;quot;aeHFOx8jV/A=\&amp;quot;)</message>
  <nestedLevel>1</nestedLevel>
</record>
<record>
  <date>2019-09-12T08:24:46</date>
  <millis>1568294686028</millis>
  <sequence>47</sequence>
  <level>START</level>
  <class>com.kms.katalon.core.logging.XmlKeywordLogger</class>
  <method>startKeyword</method>
  <thread>1</thread>
  <message>Start action : click(findTestObject(\&amp;quot;Object Repository/input_Dominio_btnIngresar\&amp;quot;))</message>
  <nestedLevel>1</nestedLevel>
  <property name="startLine">25</property>
  <property name="stepIndex">5</property>
</record>
<record>
  <date>2019-09-12T08:24:46</date>
  <millis>1568294686526</millis>
  <sequence>54</sequence>
  <level>PASSED</level>
  <class>com.kms.katalon.core.logging.XmlKeywordLogger</class>
  <method>logMessage</method>
  <thread>1</thread>
  <message>Object: &amp;apos;Object Repository/input_Dominio_btnIngresar&amp;apos; is clicked on</message>
  <nestedLevel>1</nestedLevel>
</record>
<record>
  <date>2019-09-12T08:24:46</date>
  <millis>1568294686527</millis>
  <sequence>55</sequence>
  <level>END</level>
  <class>com.kms.katalon.core.logging.XmlKeywordLogger</class>
  <method>endKeyword</method>
  <thread>1</thread>
  <message>End action : click(findTestObject(\&amp;quot;Object Repository/input_Dominio_btnIngresar\&amp;quot;))</message>
  <nestedLevel>1</nestedLevel>
</record>
<record>
  <date>2019-09-12T08:24:46</date>
  <millis>1568294686527</millis>
  <sequence>56</sequence>
  <level>PASSED</level>
  <class>com.kms.katalon.core.logging.XmlKeywordLogger</class>
  <method>logMessage</method>
  <thread>1</thread>
  <message>Test Cases/IniciarSesion/IniciarSesion</message>
  <nestedLevel>1</nestedLevel>
</record>
<record>
  <date>2019-09-12T08:24:48</date>
  <millis>1568294688585</millis>
  <sequence>57</sequence>
  <level>END</level>
  <class>com.kms.katalon.core.logging.XmlKeywordLogger</class>
  <method>endTest</method>
  <thread>1</thread>
  <message>End Test Case : Test Cases/IniciarSesion/IniciarSesion</message>
  <nestedLevel>0</nestedLevel>
</record>
<record>
  <date>2019-09-12T08:24:48</date>
  <millis>1568294688606</millis>
  <sequence>58</sequence>
  <level>START</level>
  <class>com.kms.katalon.core.logging.XmlKeywordLogger</class>
  <method>startTest</method>
  <thread>1</thread>
  <message>Start Test Case : Test Cases/IniciarSesion/SeleccionarEmpresaServicio</message>
  <nestedLevel>1</nestedLevel>
  <property name="name">Test Cases/IniciarSesion/SeleccionarEmpresaServicio</property>
  <property name="description"></property>
  <property name="id">Test Cases/IniciarSesion/SeleccionarEmpresaServicio</property>
  <property name="source">E:\\TORO\\INTERGRUPO\\AUTOMATIZACION_PROYECTOS\\PROYECTOS\\EPM - Gaspar\\Gaspar_Epm_Katalon\\Test Cases\\IniciarSesion\\SeleccionarEmpresaServicio.tc</property>
  <property name="tag"></property>
  <property name="isOptional">false</property>
</record>
<record>
  <date>2019-09-12T08:24:48</date>
  <millis>1568294688895</millis>
  <sequence>60</sequence>
  <level>START</level>
  <class>com.kms.katalon.core.logging.XmlKeywordLogger</class>
  <method>startKeyword</method>
  <thread>1</thread>
  <message>Start action : selectOptionByValue(findTestObject(\&amp;quot;Object Repository/select_EPM\&amp;quot;), \&amp;quot;EPM\&amp;quot;, true)</message>
  <nestedLevel>1</nestedLevel>
  <property name="startLine">16</property>
  <property name="stepIndex">1</property>
</record>
<record>
  <date>2019-09-12T08:24:49</date>
  <millis>1568294689247</millis>
  <sequence>69</sequence>
  <level>PASSED</level>
  <class>com.kms.katalon.core.logging.XmlKeywordLogger</class>
  <method>logMessage</method>
  <thread>1</thread>
  <message>All options with value &amp;apos;EPM&amp;apos; are selected in object &amp;apos;Object Repository/select_EPM&amp;apos;  using regular expression</message>
  <nestedLevel>1</nestedLevel>
</record>
<record>
  <date>2019-09-12T08:24:49</date>
  <millis>1568294689249</millis>
  <sequence>70</sequence>
  <level>END</level>
  <class>com.kms.katalon.core.logging.XmlKeywordLogger</class>
  <method>endKeyword</method>
  <thread>1</thread>
  <message>End action : selectOptionByValue(findTestObject(\&amp;quot;Object Repository/select_EPM\&amp;quot;), \&amp;quot;EPM\&amp;quot;, true)</message>
  <nestedLevel>1</nestedLevel>
</record>
<record>
  <date>2019-09-12T08:24:49</date>
  <millis>1568294689249</millis>
  <sequence>71</sequence>
  <level>START</level>
  <class>com.kms.katalon.core.logging.XmlKeywordLogger</class>
  <method>startKeyword</method>
  <thread>1</thread>
  <message>Start action : selectOptionByValue(findTestObject(\&amp;quot;Object Repository/select_GasRevisiones\&amp;quot;), \&amp;quot;Gas\&amp;quot;, true)</message>
  <nestedLevel>1</nestedLevel>
  <property name="startLine">18</property>
  <property name="stepIndex">2</property>
</record>
<record>
  <date>2019-09-12T08:24:49</date>
  <millis>1568294689521</millis>
  <sequence>80</sequence>
  <level>PASSED</level>
  <class>com.kms.katalon.core.logging.XmlKeywordLogger</class>
  <method>logMessage</method>
  <thread>1</thread>
  <message>All options with value &amp;apos;Gas&amp;apos; are selected in object &amp;apos;Object Repository/select_GasRevisiones&amp;apos;  using regular expression</message>
  <nestedLevel>1</nestedLevel>
</record>
<record>
  <date>2019-09-12T08:24:49</date>
  <millis>1568294689521</millis>
  <sequence>81</sequence>
  <level>END</level>
  <class>com.kms.katalon.core.logging.XmlKeywordLogger</class>
  <method>endKeyword</method>
  <thread>1</thread>
  <message>End action : selectOptionByValue(findTestObject(\&amp;quot;Object Repository/select_GasRevisiones\&amp;quot;), \&amp;quot;Gas\&amp;quot;, true)</message>
  <nestedLevel>1</nestedLevel>
</record>
<record>
  <date>2019-09-12T08:24:49</date>
  <millis>1568294689522</millis>
  <sequence>82</sequence>
  <level>START</level>
  <class>com.kms.katalon.core.logging.XmlKeywordLogger</class>
  <method>startKeyword</method>
  <thread>1</thread>
  <message>Start action : click(findTestObject(\&amp;quot;Object Repository/input_Servicio_btnAceptar\&amp;quot;))</message>
  <nestedLevel>1</nestedLevel>
  <property name="startLine">20</property>
  <property name="stepIndex">3</property>
</record>
<record>
  <date>2019-09-12T08:24:49</date>
  <millis>1568294689720</millis>
  <sequence>89</sequence>
  <level>PASSED</level>
  <class>com.kms.katalon.core.logging.XmlKeywordLogger</class>
  <method>logMessage</method>
  <thread>1</thread>
  <message>Object: &amp;apos;Object Repository/input_Servicio_btnAceptar&amp;apos; is clicked on</message>
  <nestedLevel>1</nestedLevel>
</record>
<record>
  <date>2019-09-12T08:24:49</date>
  <millis>1568294689721</millis>
  <sequence>90</sequence>
  <level>END</level>
  <class>com.kms.katalon.core.logging.XmlKeywordLogger</class>
  <method>endKeyword</method>
  <thread>1</thread>
  <message>End action : click(findTestObject(\&amp;quot;Object Repository/input_Servicio_btnAceptar\&amp;quot;))</message>
  <nestedLevel>1</nestedLevel>
</record>
<record>
  <date>2019-09-12T08:24:49</date>
  <millis>1568294689721</millis>
  <sequence>91</sequence>
  <level>PASSED</level>
  <class>com.kms.katalon.core.logging.XmlKeywordLogger</class>
  <method>logMessage</method>
  <thread>1</thread>
  <message>Test Cases/IniciarSesion/SeleccionarEmpresaServicio</message>
  <nestedLevel>1</nestedLevel>
</record>
<record>
  <date>2019-09-12T08:24:51</date>
  <millis>1568294691771</millis>
  <sequence>92</sequence>
  <level>END</level>
  <class>com.kms.katalon.core.logging.XmlKeywordLogger</class>
  <method>endTest</method>
  <thread>1</thread>
  <message>End Test Case : Test Cases/IniciarSesion/SeleccionarEmpresaServicio</message>
  <nestedLevel>0</nestedLevel>
</record>
<record>
  <date>2019-09-12T08:24:51</date>
  <millis>1568294691778</millis>
  <sequence>93</sequence>
  <level>START</level>
  <class>com.kms.katalon.core.logging.XmlKeywordLogger</class>
  <method>startTest</method>
  <thread>1</thread>
  <message>Start Test Case : Test Cases/Requerimientos/AccederMenu</message>
  <nestedLevel>1</nestedLevel>
  <property name="name">Test Cases/Requerimientos/AccederMenu</property>
  <property name="description"></property>
  <property name="id">Test Cases/Requerimientos/AccederMenu</property>
  <property name="source">E:\\TORO\\INTERGRUPO\\AUTOMATIZACION_PROYECTOS\\PROYECTOS\\EPM - Gaspar\\Gaspar_Epm_Katalon\\Test Cases\\Requerimientos\\AccederMenu.tc</property>
  <property name="tag"></property>
  <property name="isOptional">false</property>
</record>
<record>
  <date>2019-09-12T08:24:52</date>
  <millis>1568294692084</millis>
  <sequence>95</sequence>
  <level>START</level>
  <class>com.kms.katalon.core.logging.XmlKeywordLogger</class>
  <method>startKeyword</method>
  <thread>1</thread>
  <message>Start action : doubleClick(findTestObject(\&amp;quot;Object Repository/a_Llamadas\&amp;quot;))</message>
  <nestedLevel>1</nestedLevel>
  <property name="startLine">17</property>
  <property name="stepIndex">1</property>
</record>
<record>
  <date>2019-09-12T08:24:52</date>
  <millis>1568294692087</millis>
  <sequence>96</sequence>
  <level>NOT_RUN</level>
  <class>com.kms.katalon.core.logging.XmlKeywordLogger</class>
  <method>logMessage</method>
  <thread>1</thread>
  <message>NOT_RUN: doubleClick(findTestObject(\&amp;quot;Object Repository/a_Llamadas\&amp;quot;))</message>
  <nestedLevel>1</nestedLevel>
</record>
<record>
  <date>2019-09-12T08:24:52</date>
  <millis>1568294692087</millis>
  <sequence>97</sequence>
  <level>END</level>
  <class>com.kms.katalon.core.logging.XmlKeywordLogger</class>
  <method>endKeyword</method>
  <thread>1</thread>
  <message>End action : doubleClick(findTestObject(\&amp;quot;Object Repository/a_Llamadas\&amp;quot;))</message>
  <nestedLevel>1</nestedLevel>
</record>
<record>
  <date>2019-09-12T08:24:52</date>
  <millis>1568294692087</millis>
  <sequence>98</sequence>
  <level>START</level>
  <class>com.kms.katalon.core.logging.XmlKeywordLogger</class>
  <method>startKeyword</method>
  <thread>1</thread>
  <message>Start action : mouseOver(findTestObject(\&amp;quot;a_Llamadas\&amp;quot;))</message>
  <nestedLevel>1</nestedLevel>
  <property name="startLine">19</property>
  <property name="stepIndex">2</property>
</record>
<record>
  <date>2019-09-12T08:24:52</date>
  <millis>1568294692340</millis>
  <sequence>105</sequence>
  <level>PASSED</level>
  <class>com.kms.katalon.core.logging.XmlKeywordLogger</class>
  <method>logMessage</method>
  <thread>1</thread>
  <message>Object: &amp;apos;Object Repository/a_Llamadas&amp;apos; is hovered</message>
  <nestedLevel>1</nestedLevel>
</record>
<record>
  <date>2019-09-12T08:24:52</date>
  <millis>1568294692341</millis>
  <sequence>106</sequence>
  <level>END</level>
  <class>com.kms.katalon.core.logging.XmlKeywordLogger</class>
  <method>endKeyword</method>
  <thread>1</thread>
  <message>End action : mouseOver(findTestObject(\&amp;quot;a_Llamadas\&amp;quot;))</message>
  <nestedLevel>1</nestedLevel>
</record>
<record>
  <date>2019-09-12T08:24:52</date>
  <millis>1568294692341</millis>
  <sequence>107</sequence>
  <level>START</level>
  <class>com.kms.katalon.core.logging.XmlKeywordLogger</class>
  <method>startKeyword</method>
  <thread>1</thread>
  <message>Start action : waitForElementClickable(findTestObject(\&amp;quot;a_Llamadas\&amp;quot;), 20)</message>
  <nestedLevel>1</nestedLevel>
  <property name="startLine">22</property>
  <property name="stepIndex">3</property>
</record>
<record>
  <date>2019-09-12T08:24:52</date>
  <millis>1568294692474</millis>
  <sequence>114</sequence>
  <level>PASSED</level>
  <class>com.kms.katalon.core.logging.XmlKeywordLogger</class>
  <method>logMessage</method>
  <thread>1</thread>
  <message>Object &amp;apos;Object Repository/a_Llamadas&amp;apos; is clickable</message>
  <nestedLevel>1</nestedLevel>
</record>
<record>
  <date>2019-09-12T08:24:52</date>
  <millis>1568294692475</millis>
  <sequence>115</sequence>
  <level>END</level>
  <class>com.kms.katalon.core.logging.XmlKeywordLogger</class>
  <method>endKeyword</method>
  <thread>1</thread>
  <message>End action : waitForElementClickable(findTestObject(\&amp;quot;a_Llamadas\&amp;quot;), 20)</message>
  <nestedLevel>1</nestedLevel>
</record>
<record>
  <date>2019-09-12T08:24:52</date>
  <millis>1568294692475</millis>
  <sequence>116</sequence>
  <level>START</level>
  <class>com.kms.katalon.core.logging.XmlKeywordLogger</class>
  <method>startKeyword</method>
  <thread>1</thread>
  <message>Start action : click(findTestObject(\&amp;quot;Object Repository/a_Crear Requerimiento\&amp;quot;))</message>
  <nestedLevel>1</nestedLevel>
  <property name="startLine">25</property>
  <property name="stepIndex">4</property>
</record>
<record>
  <date>2019-09-12T08:25:02</date>
  <millis>1568294702768</millis>
  <sequence>123</sequence>
  <level>PASSED</level>
  <class>com.kms.katalon.core.logging.XmlKeywordLogger</class>
  <method>logMessage</method>
  <thread>1</thread>
  <message>Object: &amp;apos;Object Repository/a_Crear Requerimiento&amp;apos; is clicked on</message>
  <nestedLevel>1</nestedLevel>
</record>
<record>
  <date>2019-09-12T08:25:02</date>
  <millis>1568294702768</millis>
  <sequence>124</sequence>
  <level>END</level>
  <class>com.kms.katalon.core.logging.XmlKeywordLogger</class>
  <method>endKeyword</method>
  <thread>1</thread>
  <message>End action : click(findTestObject(\&amp;quot;Object Repository/a_Crear Requerimiento\&amp;quot;))</message>
  <nestedLevel>1</nestedLevel>
</record>
<record>
  <date>2019-09-12T08:25:02</date>
  <millis>1568294702769</millis>
  <sequence>125</sequence>
  <level>START</level>
  <class>com.kms.katalon.core.logging.XmlKeywordLogger</class>
  <method>startKeyword</method>
  <thread>1</thread>
  <message>Start action : selectOptionByLabel(findTestObject(\&amp;quot;a_Crear Requerimiento\&amp;quot;), \&amp;quot;Crear Requerimiento\&amp;quot;, false)</message>
  <nestedLevel>1</nestedLevel>
  <property name="startLine">27</property>
  <property name="stepIndex">5</property>
</record>
<record>
  <date>2019-09-12T08:25:33</date>
  <millis>1568294733649</millis>
  <sequence>131</sequence>
  <level>INFO</level>
  <class>com.kms.katalon.core.logging.XmlKeywordLogger</class>
  <method>logMessage</method>
  <thread>1</thread>
  <message>Unable to find the element located by &amp;apos;By.xpath: id(\&amp;quot;ctl00_menuPrincipaln17\&amp;quot;)/td[1]/table[@class=\&amp;quot;SubItemMenu01_Item ctl00_menuPrincipal_4 ctl00_menuPrincipal_7 SubItemMenu01_Hover\&amp;quot;]/tbody[1]/tr[1]/td[1]/a[@class=\&amp;quot;ctl00_menuPrincipal_1 SubItemMenu01_Item ctl00_menuPrincipal_3 ctl00_menuPrincipal_6 SubItemMenu01_Hover\&amp;quot;][count(. | //a[(text() = &amp;apos;Crear Requerimiento&amp;apos; or . = &amp;apos;Crear Requerimiento&amp;apos;)]) = count(//a[(text() = &amp;apos;Crear Requerimiento&amp;apos; or . = &amp;apos;Crear Requerimiento&amp;apos;)])]&amp;apos;. Please recheck the objects properties to make sure the desired element is located. </message>
  <nestedLevel>1</nestedLevel>
</record>
<record>
  <date>2019-09-12T08:25:34</date>
  <millis>1568294734018</millis>
  <sequence>135</sequence>
  <level>FAILED</level>
  <class>com.kms.katalon.core.logging.XmlKeywordLogger</class>
  <method>logMessage</method>
  <thread>1</thread>
  <message>Unable to select option by label &amp;apos;Crear Requerimiento&amp;apos; of object &amp;apos;Object Repository/a_Crear Requerimiento&amp;apos;  (Root cause: com.kms.katalon.core.exception.StepFailedException: Unable to select option by label &amp;apos;Crear Requerimiento&amp;apos; of object &amp;apos;Object Repository/a_Crear Requerimiento&amp;apos; \r\n\tat com.kms.katalon.core.webui.keyword.internal.WebUIKeywordMain.stepFailed(WebUIKeywordMain.groovy:64)\r\n\tat com.kms.katalon.core.webui.keyword.internal.WebUIKeywordMain.runKeyword(WebUIKeywordMain.groovy:26)\r\n\tat com.kms.katalon.core.webui.keyword.builtin.SelectOptionByLabelKeyword.selectOptionByLabel(SelectOptionByLabelKeyword.groovy:98)\r\n\tat com.kms.katalon.core.webui.keyword.builtin.SelectOptionByLabelKeyword.execute(SelectOptionByLabelKeyword.groovy:71)\r\n\tat com.kms.katalon.core.keyword.internal.KeywordExecutor.executeKeywordForPlatform(KeywordExecutor.groovy:56)\r\n\tat com.kms.katalon.core.webui.keyword.WebUiBuiltInKeywords.selectOptionByLabel(WebUiBuiltInKeywords.groovy:1200)\r\n\tat com.kms.katalon.core.webui.keyword.WebUiBuiltInKeywords$selectOptionByLabel$7.call(Unknown Source)\r\n\tat AccederMenu.run(AccederMenu:27)\r\n\tat com.kms.katalon.core.main.ScriptEngine.run(ScriptEngine.java:194)\r\n\tat com.kms.katalon.core.main.ScriptEngine.runScriptAsRawText(ScriptEngine.java:119)\r\n\tat com.kms.katalon.core.main.TestCaseExecutor.runScript(TestCaseExecutor.java:337)\r\n\tat com.kms.katalon.core.main.TestCaseExecutor.doExecute(TestCaseExecutor.java:328)\r\n\tat com.kms.katalon.core.main.TestCaseExecutor.processExecutionPhase(TestCaseExecutor.java:307)\r\n\tat com.kms.katalon.core.main.TestCaseExecutor.accessMainPhase(TestCaseExecutor.java:299)\r\n\tat com.kms.katalon.core.main.TestCaseExecutor.execute(TestCaseExecutor.java:233)\r\n\tat com.kms.katalon.core.main.TestSuiteExecutor.accessTestCaseMainPhase(TestSuiteExecutor.java:150)\r\n\tat com.kms.katalon.core.main.TestSuiteExecutor.accessTestSuiteMainPhase(TestSuiteExecutor.java:123)\r\n\tat com.kms.katalon.core.main.TestSuiteExecutor.execute(TestSuiteExecutor.java:87)\r\n\tat com.kms.katalon.core.main.TestCaseMain.startTestSuite(TestCaseMain.java:157)\r\n\tat com.kms.katalon.core.main.TestCaseMain$startTestSuite$0.call(Unknown Source)\r\n\tat TempTestSuite1568294675618.run(TempTestSuite1568294675618.groovy:35)\r\nCaused by: com.kms.katalon.core.webui.exception.WebElementNotFoundException: Web element with id: &amp;apos;Object Repository/a_Crear Requerimiento&amp;apos; located by &amp;apos;By.xpath: id(\&amp;quot;ctl00_menuPrincipaln17\&amp;quot;)/td[1]/table[@class=\&amp;quot;SubItemMenu01_Item ctl00_menuPrincipal_4 ctl00_menuPrincipal_7 SubItemMenu01_Hover\&amp;quot;]/tbody[1]/tr[1]/td[1]/a[@class=\&amp;quot;ctl00_menuPrincipal_1 SubItemMenu01_Item ctl00_menuPrincipal_3 ctl00_menuPrincipal_6 SubItemMenu01_Hover\&amp;quot;][count(. | //a[(text() = &amp;apos;Crear Requerimiento&amp;apos; or . = &amp;apos;Crear Requerimiento&amp;apos;)]) = count(//a[(text() = &amp;apos;Crear Requerimiento&amp;apos; or . = &amp;apos;Crear Requerimiento&amp;apos;)])]&amp;apos; not found\r\n\tat com.kms.katalon.core.webui.common.WebUiCommonHelper.findWebElement(WebUiCommonHelper.java:1097)\r\n\tat com.kms.katalon.core.webui.keyword.internal.WebUIAbstractKeyword.findWebElement(WebUIAbstractKeyword.groovy:27)\r\n\tat com.kms.katalon.core.webui.keyword.internal.WebUIAbstractKeyword.findWebElement(WebUIAbstractKeyword.groovy:26)\r\n\tat com.kms.katalon.core.webui.keyword.builtin.SelectOptionByLabelKeyword$_selectOptionByLabel_closure1.doCall(SelectOptionByLabelKeyword.groovy:86)\r\n\tat com.kms.katalon.core.webui.keyword.builtin.SelectOptionByLabelKeyword$_selectOptionByLabel_closure1.call(SelectOptionByLabelKeyword.groovy)\r\n\tat com.kms.katalon.core.webui.keyword.internal.WebUIKeywordMain.runKeyword(WebUIKeywordMain.groovy:20)\r\n\tat com.kms.katalon.core.webui.keyword.builtin.SelectOptionByLabelKeyword.selectOptionByLabel(SelectOptionByLabelKeyword.groovy:98)\r\n\tat com.kms.katalon.core.webui.keyword.builtin.SelectOptionByLabelKeyword.execute(SelectOptionByLabelKeyword.groovy:71)\r\n\tat com.kms.katalon.core.keyword.internal.KeywordExecutor.executeKeywordForPlatform(KeywordExecutor.groovy:56)\r\n\tat com.kms.katalon.core.webui.keyword.WebUiBuiltInKeywords.selectOptionByLabel(WebUiBuiltInKeywords.groovy:1200)\r\n\tat com.kms.katalon.core.webui.keyword.WebUiBuiltInKeywords$selectOptionByLabel$7.call(Unknown Source)\r\n\tat Script1568234432610.run(Script1568234432610.groovy:27)\r\n\t... 13 more\r\n)</message>
  <nestedLevel>1</nestedLevel>
  <property name="failed.exception.class">com.kms.katalon.core.webui.exception.WebElementNotFoundException</property>
  <property name="attachment">1568294733652.png</property>
  <property name="failed.exception.stacktrace">com.kms.katalon.core.webui.exception.WebElementNotFoundException: Web element with id: &apos;Object Repository/a_Crear Requerimiento&apos; located by &apos;By.xpath: id(\&quot;ctl00_menuPrincipaln17\&quot;)/td[1]/table[@class=\&quot;SubItemMenu01_Item ctl00_menuPrincipal_4 ctl00_menuPrincipal_7 SubItemMenu01_Hover\&quot;]/tbody[1]/tr[1]/td[1]/a[@class=\&quot;ctl00_menuPrincipal_1 SubItemMenu01_Item ctl00_menuPrincipal_3 ctl00_menuPrincipal_6 SubItemMenu01_Hover\&quot;][count(. | //a[(text() = &apos;Crear Requerimiento&apos; or . = &apos;Crear Requerimiento&apos;)]) = count(//a[(text() = &apos;Crear Requerimiento&apos; or . = &apos;Crear Requerimiento&apos;)])]&apos; not found\r\n\tat com.kms.katalon.core.webui.common.WebUiCommonHelper.findWebElement(WebUiCommonHelper.java:1097)\r\n\tat com.kms.katalon.core.webui.keyword.internal.WebUIAbstractKeyword.findWebElement(WebUIAbstractKeyword.groovy:27)\r\n\tat com.kms.katalon.core.webui.keyword.internal.WebUIAbstractKeyword.findWebElement(WebUIAbstractKeyword.groovy:26)\r\n\tat com.kms.katalon.core.webui.keyword.builtin.SelectOptionByLabelKeyword$_selectOptionByLabel_closure1.doCall(SelectOptionByLabelKeyword.groovy:86)\r\n\tat com.kms.katalon.core.webui.keyword.builtin.SelectOptionByLabelKeyword$_selectOptionByLabel_closure1.call(SelectOptionByLabelKeyword.groovy)\r\n\tat com.kms.katalon.core.webui.keyword.internal.WebUIKeywordMain.runKeyword(WebUIKeywordMain.groovy:20)\r\n\tat com.kms.katalon.core.webui.keyword.builtin.SelectOptionByLabelKeyword.selectOptionByLabel(SelectOptionByLabelKeyword.groovy:98)\r\n\tat com.kms.katalon.core.webui.keyword.builtin.SelectOptionByLabelKeyword.execute(SelectOptionByLabelKeyword.groovy:71)\r\n\tat com.kms.katalon.core.keyword.internal.KeywordExecutor.executeKeywordForPlatform(KeywordExecutor.groovy:56)\r\n\tat com.kms.katalon.core.webui.keyword.WebUiBuiltInKeywords.selectOptionByLabel(WebUiBuiltInKeywords.groovy:1200)\r\n\tat com.kms.katalon.core.webui.keyword.WebUiBuiltInKeywords$selectOptionByLabel$7.call(Unknown Source)\r\n\tat AccederMenu.run(AccederMenu:27)\r\n\tat com.kms.katalon.core.main.ScriptEngine.run(ScriptEngine.java:194)\r\n\tat com.kms.katalon.core.main.ScriptEngine.runScriptAsRawText(ScriptEngine.java:119)\r\n\tat com.kms.katalon.core.main.TestCaseExecutor.runScript(TestCaseExecutor.java:337)\r\n\tat com.kms.katalon.core.main.TestCaseExecutor.doExecute(TestCaseExecutor.java:328)\r\n\tat com.kms.katalon.core.main.TestCaseExecutor.processExecutionPhase(TestCaseExecutor.java:307)\r\n\tat com.kms.katalon.core.main.TestCaseExecutor.accessMainPhase(TestCaseExecutor.java:299)\r\n\tat com.kms.katalon.core.main.TestCaseExecutor.execute(TestCaseExecutor.java:233)\r\n\tat com.kms.katalon.core.main.TestSuiteExecutor.accessTestCaseMainPhase(TestSuiteExecutor.java:150)\r\n\tat com.kms.katalon.core.main.TestSuiteExecutor.accessTestSuiteMainPhase(TestSuiteExecutor.java:123)\r\n\tat com.kms.katalon.core.main.TestSuiteExecutor.execute(TestSuiteExecutor.java:87)\r\n\tat com.kms.katalon.core.main.TestCaseMain.startTestSuite(TestCaseMain.java:157)\r\n\tat com.kms.katalon.core.main.TestCaseMain$startTestSuite$0.call(Unknown Source)\r\n\tat TempTestSuite1568294675618.run(TempTestSuite1568294675618.groovy:35)\r\n</property>
  <property name="failed.exception.message">Web element with id: &apos;Object Repository/a_Crear Requerimiento&apos; located by &apos;By.xpath: id(\&quot;ctl00_menuPrincipaln17\&quot;)/td[1]/table[@class=\&quot;SubItemMenu01_Item ctl00_menuPrincipal_4 ctl00_menuPrincipal_7 SubItemMenu01_Hover\&quot;]/tbody[1]/tr[1]/td[1]/a[@class=\&quot;ctl00_menuPrincipal_1 SubItemMenu01_Item ctl00_menuPrincipal_3 ctl00_menuPrincipal_6 SubItemMenu01_Hover\&quot;][count(. | //a[(text() = &apos;Crear Requerimiento&apos; or . = &apos;Crear Requerimiento&apos;)]) = count(//a[(text() = &apos;Crear Requerimiento&apos; or . = &apos;Crear Requerimiento&apos;)])]&apos; not found</property>
</record>
<record>
  <date>2019-09-12T08:25:34</date>
  <millis>1568294734025</millis>
  <sequence>136</sequence>
  <level>END</level>
  <class>com.kms.katalon.core.logging.XmlKeywordLogger</class>
  <method>endKeyword</method>
  <thread>1</thread>
  <message>End action : selectOptionByLabel(findTestObject(\&amp;quot;a_Crear Requerimiento\&amp;quot;), \&amp;quot;Crear Requerimiento\&amp;quot;, false)</message>
  <nestedLevel>1</nestedLevel>
</record>
<record>
  <date>2019-09-12T08:25:34</date>
  <millis>1568294734027</millis>
  <sequence>139</sequence>
  <level>FAILED</level>
  <class>com.kms.katalon.core.logging.XmlKeywordLogger</class>
  <method>logMessage</method>
  <thread>1</thread>
  <message>Test Cases/Requerimientos/AccederMenu FAILED.\nReason:\ncom.kms.katalon.core.exception.StepFailedException: Unable to select option by label &amp;apos;Crear Requerimiento&amp;apos; of object &amp;apos;Object Repository/a_Crear Requerimiento&amp;apos; \r\n\tat com.kms.katalon.core.webui.keyword.internal.WebUIKeywordMain.stepFailed(WebUIKeywordMain.groovy:64)\r\n\tat com.kms.katalon.core.webui.keyword.internal.WebUIKeywordMain.runKeyword(WebUIKeywordMain.groovy:26)\r\n\tat com.kms.katalon.core.webui.keyword.builtin.SelectOptionByLabelKeyword.selectOptionByLabel(SelectOptionByLabelKeyword.groovy:98)\r\n\tat com.kms.katalon.core.webui.keyword.builtin.SelectOptionByLabelKeyword.execute(SelectOptionByLabelKeyword.groovy:71)\r\n\tat com.kms.katalon.core.keyword.internal.KeywordExecutor.executeKeywordForPlatform(KeywordExecutor.groovy:56)\r\n\tat com.kms.katalon.core.webui.keyword.WebUiBuiltInKeywords.selectOptionByLabel(WebUiBuiltInKeywords.groovy:1200)\r\n\tat com.kms.katalon.core.webui.keyword.WebUiBuiltInKeywords$selectOptionByLabel$7.call(Unknown Source)\r\n\tat AccederMenu.run(AccederMenu:27)\r\n\tat com.kms.katalon.core.main.ScriptEngine.run(ScriptEngine.java:194)\r\n\tat com.kms.katalon.core.main.ScriptEngine.runScriptAsRawText(ScriptEngine.java:119)\r\n\tat com.kms.katalon.core.main.TestCaseExecutor.runScript(TestCaseExecutor.java:337)\r\n\tat com.kms.katalon.core.main.TestCaseExecutor.doExecute(TestCaseExecutor.java:328)\r\n\tat com.kms.katalon.core.main.TestCaseExecutor.processExecutionPhase(TestCaseExecutor.java:307)\r\n\tat com.kms.katalon.core.main.TestCaseExecutor.accessMainPhase(TestCaseExecutor.java:299)\r\n\tat com.kms.katalon.core.main.TestCaseExecutor.execute(TestCaseExecutor.java:233)\r\n\tat com.kms.katalon.core.main.TestSuiteExecutor.accessTestCaseMainPhase(TestSuiteExecutor.java:150)\r\n\tat com.kms.katalon.core.main.TestSuiteExecutor.accessTestSuiteMainPhase(TestSuiteExecutor.java:123)\r\n\tat com.kms.katalon.core.main.TestSuiteExecutor.execute(TestSuiteExecutor.java:87)\r\n\tat com.kms.katalon.core.main.TestCaseMain.startTestSuite(TestCaseMain.java:157)\r\n\tat com.kms.katalon.core.main.TestCaseMain$startTestSuite$0.call(Unknown Source)\r\n\tat TempTestSuite1568294675618.run(TempTestSuite1568294675618.groovy:35)\r\nCaused by: com.kms.katalon.core.webui.exception.WebElementNotFoundException: Web element with id: &amp;apos;Object Repository/a_Crear Requerimiento&amp;apos; located by &amp;apos;By.xpath: id(\&amp;quot;ctl00_menuPrincipaln17\&amp;quot;)/td[1]/table[@class=\&amp;quot;SubItemMenu01_Item ctl00_menuPrincipal_4 ctl00_menuPrincipal_7 SubItemMenu01_Hover\&amp;quot;]/tbody[1]/tr[1]/td[1]/a[@class=\&amp;quot;ctl00_menuPrincipal_1 SubItemMenu01_Item ctl00_menuPrincipal_3 ctl00_menuPrincipal_6 SubItemMenu01_Hover\&amp;quot;][count(. | //a[(text() = &amp;apos;Crear Requerimiento&amp;apos; or . = &amp;apos;Crear Requerimiento&amp;apos;)]) = count(//a[(text() = &amp;apos;Crear Requerimiento&amp;apos; or . = &amp;apos;Crear Requerimiento&amp;apos;)])]&amp;apos; not found\r\n\tat com.kms.katalon.core.webui.common.WebUiCommonHelper.findWebElement(WebUiCommonHelper.java:1097)\r\n\tat com.kms.katalon.core.webui.keyword.internal.WebUIAbstractKeyword.findWebElement(WebUIAbstractKeyword.groovy:27)\r\n\tat com.kms.katalon.core.webui.keyword.internal.WebUIAbstractKeyword.findWebElement(WebUIAbstractKeyword.groovy:26)\r\n\tat com.kms.katalon.core.webui.keyword.builtin.SelectOptionByLabelKeyword$_selectOptionByLabel_closure1.doCall(SelectOptionByLabelKeyword.groovy:86)\r\n\tat com.kms.katalon.core.webui.keyword.builtin.SelectOptionByLabelKeyword$_selectOptionByLabel_closure1.call(SelectOptionByLabelKeyword.groovy)\r\n\tat com.kms.katalon.core.webui.keyword.internal.WebUIKeywordMain.runKeyword(WebUIKeywordMain.groovy:20)\r\n\t... 19 more\r\n</message>
  <exception>
    <message>com.kms.katalon.core.exception.StepFailedException: Unable to select option by label 'Crear Requerimiento' of object 'Object Repository/a_Crear Requerimiento' </message>
    <frame>
      <class>com.kms.katalon.core.webui.keyword.internal.WebUIKeywordMain</class>
      <method>stepFailed</method>
      <line>64</line>
    </frame>
    <frame>
      <class>com.kms.katalon.core.webui.keyword.internal.WebUIKeywordMain</class>
      <method>runKeyword</method>
      <line>26</line>
    </frame>
    <frame>
      <class>com.kms.katalon.core.webui.keyword.builtin.SelectOptionByLabelKeyword</class>
      <method>selectOptionByLabel</method>
      <line>98</line>
    </frame>
    <frame>
      <class>com.kms.katalon.core.webui.keyword.builtin.SelectOptionByLabelKeyword</class>
      <method>execute</method>
      <line>71</line>
    </frame>
    <frame>
      <class>com.kms.katalon.core.keyword.internal.KeywordExecutor</class>
      <method>executeKeywordForPlatform</method>
      <line>56</line>
    </frame>
    <frame>
      <class>com.kms.katalon.core.webui.keyword.WebUiBuiltInKeywords</class>
      <method>selectOptionByLabel</method>
      <line>1200</line>
    </frame>
    <frame>
      <class>com.kms.katalon.core.webui.keyword.WebUiBuiltInKeywords$selectOptionByLabel$7</class>
      <method>call</method>
    </frame>
    <frame>
      <class>AccederMenu</class>
      <method>run</method>
      <line>27</line>
    </frame>
    <frame>
      <class>com.kms.katalon.core.main.ScriptEngine</class>
      <method>run</method>
      <line>194</line>
    </frame>
    <frame>
      <class>com.kms.katalon.core.main.ScriptEngine</class>
      <method>runScriptAsRawText</method>
      <line>119</line>
    </frame>
    <frame>
      <class>com.kms.katalon.core.main.TestCaseExecutor</class>
      <method>runScript</method>
      <line>337</line>
    </frame>
    <frame>
      <class>com.kms.katalon.core.main.TestCaseExecutor</class>
      <method>doExecute</method>
      <line>328</line>
    </frame>
    <frame>
      <class>com.kms.katalon.core.main.TestCaseExecutor</class>
      <method>processExecutionPhase</method>
      <line>307</line>
    </frame>
    <frame>
      <class>com.kms.katalon.core.main.TestCaseExecutor</class>
      <method>accessMainPhase</method>
      <line>299</line>
    </frame>
    <frame>
      <class>com.kms.katalon.core.main.TestCaseExecutor</class>
      <method>execute</method>
      <line>233</line>
    </frame>
    <frame>
      <class>com.kms.katalon.core.main.TestSuiteExecutor</class>
      <method>accessTestCaseMainPhase</method>
      <line>150</line>
    </frame>
    <frame>
      <class>com.kms.katalon.core.main.TestSuiteExecutor</class>
      <method>accessTestSuiteMainPhase</method>
      <line>123</line>
    </frame>
    <frame>
      <class>com.kms.katalon.core.main.TestSuiteExecutor</class>
      <method>execute</method>
      <line>87</line>
    </frame>
    <frame>
      <class>com.kms.katalon.core.main.TestCaseMain</class>
      <method>startTestSuite</method>
      <line>157</line>
    </frame>
    <frame>
      <class>com.kms.katalon.core.main.TestCaseMain$startTestSuite$0</class>
      <method>call</method>
    </frame>
    <frame>
      <class>TempTestSuite1568294675618</class>
      <method>run</method>
      <line>35</line>
    </frame>
  </exception>
  <nestedLevel>0</nestedLevel>
  <property name="failed.exception.stacktrace">com.kms.katalon.core.webui.exception.WebElementNotFoundException: Web element with id: &apos;Object Repository/a_Crear Requerimiento&apos; located by &apos;By.xpath: id(\&quot;ctl00_menuPrincipaln17\&quot;)/td[1]/table[@class=\&quot;SubItemMenu01_Item ctl00_menuPrincipal_4 ctl00_menuPrincipal_7 SubItemMenu01_Hover\&quot;]/tbody[1]/tr[1]/td[1]/a[@class=\&quot;ctl00_menuPrincipal_1 SubItemMenu01_Item ctl00_menuPrincipal_3 ctl00_menuPrincipal_6 SubItemMenu01_Hover\&quot;][count(. | //a[(text() = &apos;Crear Requerimiento&apos; or . = &apos;Crear Requerimiento&apos;)]) = count(//a[(text() = &apos;Crear Requerimiento&apos; or . = &apos;Crear Requerimiento&apos;)])]&apos; not found\r\n\tat com.kms.katalon.core.webui.common.WebUiCommonHelper.findWebElement(WebUiCommonHelper.java:1097)\r\n\tat com.kms.katalon.core.webui.keyword.internal.WebUIAbstractKeyword.findWebElement(WebUIAbstractKeyword.groovy:27)\r\n\tat com.kms.katalon.core.webui.keyword.internal.WebUIAbstractKeyword.findWebElement(WebUIAbstractKeyword.groovy:26)\r\n\tat com.kms.katalon.core.webui.keyword.builtin.SelectOptionByLabelKeyword$_selectOptionByLabel_closure1.doCall(SelectOptionByLabelKeyword.groovy:86)\r\n\tat com.kms.katalon.core.webui.keyword.builtin.SelectOptionByLabelKeyword$_selectOptionByLabel_closure1.call(SelectOptionByLabelKeyword.groovy)\r\n\tat com.kms.katalon.core.webui.keyword.internal.WebUIKeywordMain.runKeyword(WebUIKeywordMain.groovy:20)\r\n\tat com.kms.katalon.core.webui.keyword.builtin.SelectOptionByLabelKeyword.selectOptionByLabel(SelectOptionByLabelKeyword.groovy:98)\r\n\tat com.kms.katalon.core.webui.keyword.builtin.SelectOptionByLabelKeyword.execute(SelectOptionByLabelKeyword.groovy:71)\r\n\tat com.kms.katalon.core.keyword.internal.KeywordExecutor.executeKeywordForPlatform(KeywordExecutor.groovy:56)\r\n\tat com.kms.katalon.core.webui.keyword.WebUiBuiltInKeywords.selectOptionByLabel(WebUiBuiltInKeywords.groovy:1200)\r\n\tat com.kms.katalon.core.webui.keyword.WebUiBuiltInKeywords$selectOptionByLabel$7.call(Unknown Source)\r\n\tat AccederMenu.run(AccederMenu:27)\r\n\tat com.kms.katalon.core.main.ScriptEngine.run(ScriptEngine.java:194)\r\n\tat com.kms.katalon.core.main.ScriptEngine.runScriptAsRawText(ScriptEngine.java:119)\r\n\tat com.kms.katalon.core.main.TestCaseExecutor.runScript(TestCaseExecutor.java:337)\r\n\tat com.kms.katalon.core.main.TestCaseExecutor.doExecute(TestCaseExecutor.java:328)\r\n\tat com.kms.katalon.core.main.TestCaseExecutor.processExecutionPhase(TestCaseExecutor.java:307)\r\n\tat com.kms.katalon.core.main.TestCaseExecutor.accessMainPhase(TestCaseExecutor.java:299)\r\n\tat com.kms.katalon.core.main.TestCaseExecutor.execute(TestCaseExecutor.java:233)\r\n\tat com.kms.katalon.core.main.TestSuiteExecutor.accessTestCaseMainPhase(TestSuiteExecutor.java:150)\r\n\tat com.kms.katalon.core.main.TestSuiteExecutor.accessTestSuiteMainPhase(TestSuiteExecutor.java:123)\r\n\tat com.kms.katalon.core.main.TestSuiteExecutor.execute(TestSuiteExecutor.java:87)\r\n\tat com.kms.katalon.core.main.TestCaseMain.startTestSuite(TestCaseMain.java:157)\r\n\tat com.kms.katalon.core.main.TestCaseMain$startTestSuite$0.call(Unknown Source)\r\n\tat TempTestSuite1568294675618.run(TempTestSuite1568294675618.groovy:35)\r\n</property>
  <property name="failed.exception.class">com.kms.katalon.core.webui.exception.WebElementNotFoundException</property>
  <property name="failed.exception.message">Web element with id: &apos;Object Repository/a_Crear Requerimiento&apos; located by &apos;By.xpath: id(\&quot;ctl00_menuPrincipaln17\&quot;)/td[1]/table[@class=\&quot;SubItemMenu01_Item ctl00_menuPrincipal_4 ctl00_menuPrincipal_7 SubItemMenu01_Hover\&quot;]/tbody[1]/tr[1]/td[1]/a[@class=\&quot;ctl00_menuPrincipal_1 SubItemMenu01_Item ctl00_menuPrincipal_3 ctl00_menuPrincipal_6 SubItemMenu01_Hover\&quot;][count(. | //a[(text() = &apos;Crear Requerimiento&apos; or . = &apos;Crear Requerimiento&apos;)]) = count(//a[(text() = &apos;Crear Requerimiento&apos; or . = &apos;Crear Requerimiento&apos;)])]&apos; not found</property>
</record>
<record>
  <date>2019-09-12T08:25:36</date>
  <millis>1568294736105</millis>
  <sequence>141</sequence>
  <level>END</level>
  <class>com.kms.katalon.core.logging.XmlKeywordLogger</class>
  <method>endTest</method>
  <thread>1</thread>
  <message>End Test Case : Test Cases/Requerimientos/AccederMenu</message>
  <nestedLevel>0</nestedLevel>
</record>
<record>
  <date>2019-09-12T08:25:37</date>
  <millis>1568294737050</millis>
  <sequence>142</sequence>
  <level>END</level>
  <class>com.kms.katalon.core.logging.XmlKeywordLogger</class>
  <method>endSuite</method>
  <thread>1</thread>
  <message>End Test Suite : Test Suites/CaminoFeliz/FlujoCompleto</message>
  <nestedLevel>0</nestedLevel>
</record>
</log>
